#! /usr/bin/vvp
:ivl_version "11.0 (stable)";
:ivl_delay_selection "TYPICAL";
:vpi_time_precision - 12;
:vpi_module "/usr/lib/x86_64-linux-gnu/ivl/system.vpi";
:vpi_module "/usr/lib/x86_64-linux-gnu/ivl/vhdl_sys.vpi";
:vpi_module "/usr/lib/x86_64-linux-gnu/ivl/vhdl_textio.vpi";
:vpi_module "/usr/lib/x86_64-linux-gnu/ivl/v2005_math.vpi";
:vpi_module "/usr/lib/x86_64-linux-gnu/ivl/va_math.vpi";
S_0x563ed997f4c0 .scope module, "core_main_tb" "core_main_tb" 2 2;
 .timescale -9 -12;
v0x563ed99a3ea0_0 .var "clk", 0 0;
v0x563ed99a4070_0 .var "enable", 0 0;
v0x563ed99a4130_0 .var "instruction", 31 0;
v0x563ed99a41d0_0 .var "rst", 0 0;
S_0x563ed9890e80 .scope module, "u_core_main0" "core_main" 2 9, 3 3 0, S_0x563ed997f4c0;
 .timescale -9 -12;
    .port_info 0 /INPUT 1 "clk";
    .port_info 1 /INPUT 1 "enable";
    .port_info 2 /INPUT 1 "rst";
    .port_info 3 /INPUT 32 "instruction";
v0x563ed99a31a0_0 .net "alu_out_address", 31 0, L_0x563ed99b6ca0;  1 drivers
v0x563ed99a3280_0 .net "clk", 0 0, v0x563ed99a3ea0_0;  1 drivers
v0x563ed99a3320_0 .net "data_mem_request", 0 0, v0x563ed999d790_0;  1 drivers
v0x563ed99a33c0_0 .net "data_mem_valid", 0 0, v0x563ed99a2190_0;  1 drivers
v0x563ed99a3460_0 .net "data_mem_we_re", 0 0, v0x563ed999db70_0;  1 drivers
v0x563ed99a3500_0 .net "enable", 0 0, v0x563ed99a4070_0;  1 drivers
L_0x7f014cb86060 .functor BUFT 1, C4<1111>, C4<0>, C4<0>, C4<0>;
v0x563ed99a35a0_0 .net "instruc_mask_singal", 3 0, L_0x7f014cb86060;  1 drivers
v0x563ed99a3640_0 .net "instruc_mem_valid", 0 0, v0x563ed99a2d50_0;  1 drivers
v0x563ed99a36e0_0 .net "instruction", 31 0, v0x563ed99a4130_0;  1 drivers
v0x563ed99a3830_0 .net "instruction_data", 31 0, v0x563ed99a2b00_0;  1 drivers
L_0x7f014cb860f0 .functor BUFT 1, C4<1>, C4<0>, C4<0>, C4<0>;
v0x563ed99a38d0_0 .net "instruction_mem_request", 0 0, L_0x7f014cb860f0;  1 drivers
L_0x7f014cb860a8 .functor BUFT 1, C4<0>, C4<0>, C4<0>, C4<0>;
v0x563ed99a3970_0 .net "instruction_mem_we_re", 0 0, L_0x7f014cb860a8;  1 drivers
v0x563ed99a3a10_0 .net "load_data_out", 31 0, v0x563ed99a2050_0;  1 drivers
v0x563ed99a3b60_0 .net "mask", 3 0, L_0x563ed99b6d10;  1 drivers
v0x563ed99a3c20_0 .net "pc_address", 31 0, L_0x563ed999c640;  1 drivers
v0x563ed99a3ce0_0 .net "rst", 0 0, v0x563ed99a41d0_0;  1 drivers
v0x563ed99a3d80_0 .net "store_data", 31 0, v0x563ed999cca0_0;  1 drivers
L_0x563ed99a4270 .part L_0x563ed999c640, 2, 8;
L_0x563ed99b7490 .part L_0x563ed99b6ca0, 2, 8;
S_0x563ed997bc50 .scope module, "u_core" "core" 3 38, 4 6 0, S_0x563ed9890e80;
 .timescale -9 -12;
    .port_info 0 /INPUT 1 "clk";
    .port_info 1 /INPUT 1 "rst";
    .port_info 2 /INPUT 1 "data_mem_valid";
    .port_info 3 /INPUT 1 "instruc_mem_valid";
    .port_info 4 /INPUT 32 "instruction";
    .port_info 5 /INPUT 32 "load_data_in";
    .port_info 6 /OUTPUT 1 "instruction_mem_we_re";
    .port_info 7 /OUTPUT 1 "instruction_mem_request";
    .port_info 8 /OUTPUT 1 "data_mem_we_re";
    .port_info 9 /OUTPUT 1 "data_mem_request";
    .port_info 10 /OUTPUT 4 "instruc_mask_singal";
    .port_info 11 /OUTPUT 4 "mask_singal";
    .port_info 12 /OUTPUT 32 "store_data_out";
    .port_info 13 /OUTPUT 32 "alu_out_address";
    .port_info 14 /OUTPUT 32 "pc_address";
L_0x563ed999c640 .functor BUFZ 32, v0x563ed999aab0_0, C4<00000000000000000000000000000000>, C4<00000000000000000000000000000000>, C4<00000000000000000000000000000000>;
L_0x563ed99b6ca0 .functor BUFZ 32, v0x563ed9999f10_0, C4<00000000000000000000000000000000>, C4<00000000000000000000000000000000>, C4<00000000000000000000000000000000>;
L_0x563ed99b6d10 .functor BUFZ 4, v0x563ed999ce90_0, C4<0000>, C4<0000>, C4<0000>;
v0x563ed999fa80_0 .net "Branch_on", 0 0, L_0x563ed99b69d0;  1 drivers
v0x563ed999fb40_0 .net "Jal", 0 0, v0x563ed998f590_0;  1 drivers
v0x563ed999fc00_0 .net "Jalr", 0 0, v0x563ed998f630_0;  1 drivers
v0x563ed999fca0_0 .net "alu_control", 3 0, v0x563ed998f940_0;  1 drivers
v0x563ed999fd40_0 .net "alu_out_address", 31 0, L_0x563ed99b6ca0;  alias, 1 drivers
v0x563ed999fe50_0 .net "alu_res_out", 31 0, v0x563ed9999f10_0;  1 drivers
v0x563ed999ff10_0 .net "branch_result", 0 0, v0x563ed998e8f0_0;  1 drivers
v0x563ed99a0040_0 .net "clk", 0 0, v0x563ed99a3ea0_0;  alias, 1 drivers
v0x563ed99a0170_0 .net "data_mem_request", 0 0, v0x563ed999d790_0;  alias, 1 drivers
v0x563ed99a02a0_0 .net "data_mem_valid", 0 0, v0x563ed99a2190_0;  alias, 1 drivers
v0x563ed99a0340_0 .net "data_mem_we_re", 0 0, v0x563ed999db70_0;  alias, 1 drivers
v0x563ed99a03e0_0 .net "instruc_data_out", 31 0, v0x563ed999b9b0_0;  1 drivers
v0x563ed99a0510_0 .net "instruc_mask_singal", 3 0, L_0x7f014cb86060;  alias, 1 drivers
v0x563ed99a05b0_0 .net "instruc_mem_valid", 0 0, v0x563ed99a2d50_0;  alias, 1 drivers
v0x563ed99a0650_0 .net "instruction", 31 0, v0x563ed99a2b00_0;  alias, 1 drivers
v0x563ed99a06f0_0 .net "instruction_mem_request", 0 0, L_0x7f014cb860f0;  alias, 1 drivers
v0x563ed99a0790_0 .net "instruction_mem_we_re", 0 0, L_0x7f014cb860a8;  alias, 1 drivers
v0x563ed99a0940_0 .net "load", 0 0, v0x563ed998f6d0_0;  1 drivers
v0x563ed99a09e0_0 .net "load_data_in", 31 0, v0x563ed99a2050_0;  alias, 1 drivers
v0x563ed99a0a80_0 .net "mask", 3 0, v0x563ed999ce90_0;  1 drivers
v0x563ed99a0b20_0 .net "mask_singal", 3 0, L_0x563ed99b6d10;  alias, 1 drivers
v0x563ed99a0bc0_0 .net "op_b", 31 0, L_0x563ed99b64c0;  1 drivers
v0x563ed99a0c60_0 .net "opa_mux_out", 31 0, L_0x563ed99b65c0;  1 drivers
v0x563ed99a0d20_0 .net "opb_mux_out", 31 0, L_0x563ed99b6800;  1 drivers
v0x563ed99a0e70_0 .net "pc_address", 31 0, L_0x563ed999c640;  alias, 1 drivers
v0x563ed99a0f50_0 .net "pc_address_out", 31 0, v0x563ed999aab0_0;  1 drivers
v0x563ed99a1010_0 .net "rd_sel", 1 0, v0x563ed99905a0_0;  1 drivers
v0x563ed99a10d0_0 .net "rd_wb_data", 31 0, L_0x563ed99b7350;  1 drivers
v0x563ed99a1220_0 .net "rst", 0 0, v0x563ed99a41d0_0;  alias, 1 drivers
v0x563ed99a1350_0 .net "store", 0 0, v0x563ed998f880_0;  1 drivers
v0x563ed99a13f0_0 .net "store_data_out", 31 0, v0x563ed999cca0_0;  alias, 1 drivers
v0x563ed99a14b0_0 .net "u_immediate", 31 0, L_0x563ed99b4be0;  1 drivers
v0x563ed99a1570_0 .net "wrap_load_out", 31 0, v0x563ed999d0f0_0;  1 drivers
S_0x563ed988ca50 .scope module, "u_dec0" "decode_stage" 4 67, 5 8 0, S_0x563ed997bc50;
 .timescale -9 -12;
    .port_info 0 /INPUT 32 "data1";
    .port_info 1 /INPUT 1 "clk";
    .port_info 2 /INPUT 1 "rst";
    .port_info 3 /INPUT 32 "program_counter";
    .port_info 4 /INPUT 32 "rd_wb_data";
    .port_info 5 /OUTPUT 1 "load";
    .port_info 6 /OUTPUT 1 "store";
    .port_info 7 /OUTPUT 1 "Jal";
    .port_info 8 /OUTPUT 1 "Jalr";
    .port_info 9 /OUTPUT 1 "branch_on";
    .port_info 10 /OUTPUT 1 "branch_result";
    .port_info 11 /OUTPUT 4 "alu_control";
    .port_info 12 /OUTPUT 2 "rd_sel";
    .port_info 13 /OUTPUT 32 "opa_mux_out";
    .port_info 14 /OUTPUT 32 "opb_mux_out";
    .port_info 15 /OUTPUT 32 "opb_data";
    .port_info 16 /OUTPUT 32 "u_immediate";
L_0x563ed99b4be0 .functor BUFZ 32, v0x563ed9993390_0, C4<00000000000000000000000000000000>, C4<00000000000000000000000000000000>, C4<00000000000000000000000000000000>;
L_0x563ed99b64c0 .functor BUFZ 32, L_0x563ed99b5500, C4<00000000000000000000000000000000>, C4<00000000000000000000000000000000>, C4<00000000000000000000000000000000>;
L_0x563ed99b69d0 .functor BUFZ 1, v0x563ed998f4d0_0, C4<0>, C4<0>, C4<0>;
v0x563ed9997620_0 .net "Jal", 0 0, v0x563ed998f590_0;  alias, 1 drivers
v0x563ed99976e0_0 .net "Jalr", 0 0, v0x563ed998f630_0;  alias, 1 drivers
v0x563ed99977f0_0 .net "Lui", 0 0, v0x563ed998f7c0_0;  1 drivers
v0x563ed99978e0_0 .net "alu_control", 3 0, v0x563ed998f940_0;  alias, 1 drivers
v0x563ed99979d0_0 .net "auipc_en", 0 0, v0x563ed998f3f0_0;  1 drivers
v0x563ed9997b10_0 .net "branch_on", 0 0, L_0x563ed99b69d0;  alias, 1 drivers
v0x563ed9997bb0_0 .net "branch_result", 0 0, v0x563ed998e8f0_0;  alias, 1 drivers
v0x563ed9997c50_0 .net "branchen", 0 0, v0x563ed998f4d0_0;  1 drivers
v0x563ed9997cf0_0 .net "clk", 0 0, v0x563ed99a3ea0_0;  alias, 1 drivers
v0x563ed9997d90_0 .net "data1", 31 0, v0x563ed999b9b0_0;  alias, 1 drivers
v0x563ed9997e30_0 .net "i_immo", 31 0, v0x563ed9992fe0_0;  1 drivers
v0x563ed9997ed0_0 .net "imm_sel", 2 0, v0x563ed998fe00_0;  1 drivers
v0x563ed9997f70_0 .net "load", 0 0, v0x563ed998f6d0_0;  alias, 1 drivers
v0x563ed9998060_0 .net "m2out", 31 0, L_0x563ed99b62a0;  1 drivers
v0x563ed9998170_0 .net "mem_en", 0 0, v0x563ed99901e0_0;  1 drivers
v0x563ed9998260_0 .net "mem_to_reg", 0 0, v0x563ed99902a0_0;  1 drivers
v0x563ed9998350_0 .net "op_a", 31 0, L_0x563ed99b4cf0;  1 drivers
v0x563ed9998520_0 .net "op_b", 31 0, L_0x563ed99b5500;  1 drivers
v0x563ed99985e0_0 .net "opa_mux_out", 31 0, L_0x563ed99b65c0;  alias, 1 drivers
v0x563ed99986a0_0 .net "opb_data", 31 0, L_0x563ed99b64c0;  alias, 1 drivers
v0x563ed9998760_0 .net "opb_mux_out", 31 0, L_0x563ed99b6800;  alias, 1 drivers
v0x563ed9998820_0 .net "operand_a", 0 0, v0x563ed9990360_0;  1 drivers
v0x563ed99988c0_0 .net "operand_b", 0 0, v0x563ed9990420_0;  1 drivers
v0x563ed9998960_0 .net "program_counter", 31 0, v0x563ed999aab0_0;  alias, 1 drivers
v0x563ed9998a00_0 .net "rd_sel", 1 0, v0x563ed99905a0_0;  alias, 1 drivers
v0x563ed9998af0_0 .net "rd_wb_data", 31 0, L_0x563ed99b7350;  alias, 1 drivers
v0x563ed9998bb0_0 .net "reg_write", 0 0, v0x563ed9990680_0;  1 drivers
v0x563ed9998c50_0 .net "rst", 0 0, v0x563ed99a41d0_0;  alias, 1 drivers
v0x563ed9998cf0_0 .net "s_immo", 31 0, v0x563ed99931c0_0;  1 drivers
v0x563ed9998de0_0 .net "sb_immo", 31 0, v0x563ed99932b0_0;  1 drivers
v0x563ed9998ed0_0 .net "store", 0 0, v0x563ed998f880_0;  alias, 1 drivers
v0x563ed9998fc0_0 .net "u_immediate", 31 0, L_0x563ed99b4be0;  alias, 1 drivers
v0x563ed99990a0_0 .net "u_immo", 31 0, v0x563ed9993390_0;  1 drivers
v0x563ed99993c0_0 .net "uj_immo", 31 0, v0x563ed99934c0_0;  1 drivers
L_0x563ed99b4440 .part v0x563ed999b9b0_0, 0, 7;
L_0x563ed99b44e0 .part v0x563ed999b9b0_0, 12, 3;
L_0x563ed99b4580 .part v0x563ed999b9b0_0, 30, 1;
L_0x563ed99b5740 .part v0x563ed999b9b0_0, 15, 5;
L_0x563ed99b58f0 .part v0x563ed999b9b0_0, 20, 5;
L_0x563ed99b5990 .part v0x563ed999b9b0_0, 7, 5;
L_0x563ed99b6930 .part v0x563ed999b9b0_0, 12, 3;
S_0x563ed9897180 .scope module, "u_branch0" "branch" 5 133, 6 1 0, S_0x563ed988ca50;
 .timescale -9 -12;
    .port_info 0 /INPUT 32 "op_a";
    .port_info 1 /INPUT 32 "op_b";
    .port_info 2 /INPUT 3 "fun3";
    .port_info 3 /INPUT 1 "en";
    .port_info 4 /OUTPUT 1 "result";
v0x563ed9947a30_0 .net "en", 0 0, v0x563ed998f4d0_0;  alias, 1 drivers
v0x563ed9948d00_0 .net "fun3", 2 0, L_0x563ed99b6930;  1 drivers
v0x563ed9948e00_0 .net "op_a", 31 0, L_0x563ed99b4cf0;  alias, 1 drivers
v0x563ed9862350_0 .net "op_b", 31 0, L_0x563ed99b5500;  alias, 1 drivers
v0x563ed998e8f0_0 .var "result", 0 0;
E_0x563ed98f9000 .event edge, v0x563ed9947a30_0, v0x563ed9948d00_0, v0x563ed9948e00_0, v0x563ed9862350_0;
S_0x563ed998eaa0 .scope module, "u_cu0" "controlunit" 5 61, 7 3 0, S_0x563ed988ca50;
 .timescale -9 -12;
    .port_info 0 /INPUT 7 "opcode";
    .port_info 1 /INPUT 3 "fun3";
    .port_info 2 /INPUT 1 "fun7";
    .port_info 3 /OUTPUT 1 "reg_write";
    .port_info 4 /OUTPUT 3 "imm_sel";
    .port_info 5 /OUTPUT 2 "rd_sel";
    .port_info 6 /OUTPUT 1 "operand_b";
    .port_info 7 /OUTPUT 1 "mem_to_reg";
    .port_info 8 /OUTPUT 1 "Jal";
    .port_info 9 /OUTPUT 1 "Jalr";
    .port_info 10 /OUTPUT 1 "Load";
    .port_info 11 /OUTPUT 1 "Store";
    .port_info 12 /OUTPUT 1 "Branch";
    .port_info 13 /OUTPUT 1 "mem_en";
    .port_info 14 /OUTPUT 1 "Auipc";
    .port_info 15 /OUTPUT 1 "Lui";
    .port_info 16 /OUTPUT 1 "operand_a";
    .port_info 17 /OUTPUT 4 "alu_control";
v0x563ed9991750_0 .net "Auipc", 0 0, v0x563ed998f3f0_0;  alias, 1 drivers
v0x563ed9991840_0 .net "Branch", 0 0, v0x563ed998f4d0_0;  alias, 1 drivers
v0x563ed99918e0_0 .net "Jal", 0 0, v0x563ed998f590_0;  alias, 1 drivers
v0x563ed99919b0_0 .net "Jalr", 0 0, v0x563ed998f630_0;  alias, 1 drivers
v0x563ed9991a80_0 .net "Load", 0 0, v0x563ed998f6d0_0;  alias, 1 drivers
v0x563ed9991b70_0 .net "Lui", 0 0, v0x563ed998f7c0_0;  alias, 1 drivers
v0x563ed9991c40_0 .net "Store", 0 0, v0x563ed998f880_0;  alias, 1 drivers
v0x563ed9991d10_0 .net "alu_control", 3 0, v0x563ed998f940_0;  alias, 1 drivers
v0x563ed9991de0_0 .net "auipc", 0 0, v0x563ed9990fd0_0;  1 drivers
v0x563ed9991e80_0 .net "branch", 0 0, v0x563ed9991090_0;  1 drivers
v0x563ed9991f70_0 .net "fun3", 2 0, L_0x563ed99b44e0;  1 drivers
v0x563ed9992010_0 .net "fun7", 0 0, L_0x563ed99b4580;  1 drivers
v0x563ed99920b0_0 .net "i_type", 0 0, v0x563ed9991130_0;  1 drivers
v0x563ed99921a0_0 .net "imm_sel", 2 0, v0x563ed998fe00_0;  alias, 1 drivers
v0x563ed9992240_0 .net "jal", 0 0, v0x563ed99911d0_0;  1 drivers
v0x563ed9992330_0 .net "jalr", 0 0, v0x563ed9991270_0;  1 drivers
v0x563ed9992420_0 .net "load", 0 0, v0x563ed9991360_0;  1 drivers
v0x563ed9992510_0 .net "lui", 0 0, v0x563ed9991400_0;  1 drivers
v0x563ed9992600_0 .net "mem_en", 0 0, v0x563ed99901e0_0;  alias, 1 drivers
v0x563ed99926a0_0 .net "mem_to_reg", 0 0, v0x563ed99902a0_0;  alias, 1 drivers
v0x563ed9992740_0 .net "opcode", 6 0, L_0x563ed99b4440;  1 drivers
v0x563ed99927e0_0 .net "operand_a", 0 0, v0x563ed9990360_0;  alias, 1 drivers
v0x563ed9992880_0 .net "operand_b", 0 0, v0x563ed9990420_0;  alias, 1 drivers
v0x563ed9992950_0 .net "r_type", 0 0, v0x563ed9991570_0;  1 drivers
v0x563ed9992a40_0 .net "rd_sel", 1 0, v0x563ed99905a0_0;  alias, 1 drivers
v0x563ed9992ae0_0 .net "reg_write", 0 0, v0x563ed9990680_0;  alias, 1 drivers
v0x563ed9992bb0_0 .net "store", 0 0, v0x563ed9991640_0;  1 drivers
S_0x563ed998ef00 .scope module, "ucd0" "control_decoder" 7 47, 8 1 0, S_0x563ed998eaa0;
 .timescale -9 -12;
    .port_info 0 /INPUT 3 "fun3";
    .port_info 1 /INPUT 1 "fun7";
    .port_info 2 /INPUT 1 "i_type";
    .port_info 3 /INPUT 1 "r_type";
    .port_info 4 /INPUT 1 "load";
    .port_info 5 /INPUT 1 "store";
    .port_info 6 /INPUT 1 "branch";
    .port_info 7 /INPUT 1 "jal";
    .port_info 8 /INPUT 1 "jalr";
    .port_info 9 /INPUT 1 "lui";
    .port_info 10 /INPUT 1 "auipc";
    .port_info 11 /OUTPUT 1 "Load";
    .port_info 12 /OUTPUT 1 "Store";
    .port_info 13 /OUTPUT 1 "mem_to_reg";
    .port_info 14 /OUTPUT 1 "reg_write";
    .port_info 15 /OUTPUT 1 "mem_en";
    .port_info 16 /OUTPUT 1 "operand_b";
    .port_info 17 /OUTPUT 3 "imm_sel";
    .port_info 18 /OUTPUT 1 "Branch";
    .port_info 19 /OUTPUT 1 "Jal";
    .port_info 20 /OUTPUT 2 "rd_sel";
    .port_info 21 /OUTPUT 4 "alu_control";
    .port_info 22 /OUTPUT 1 "Jalr";
    .port_info 23 /OUTPUT 1 "Auipc";
    .port_info 24 /OUTPUT 1 "Lui";
    .port_info 25 /OUTPUT 1 "operand_a";
    .port_info 26 /OUTPUT 1 "write_read";
v0x563ed998f3f0_0 .var "Auipc", 0 0;
v0x563ed998f4d0_0 .var "Branch", 0 0;
v0x563ed998f590_0 .var "Jal", 0 0;
v0x563ed998f630_0 .var "Jalr", 0 0;
v0x563ed998f6d0_0 .var "Load", 0 0;
v0x563ed998f7c0_0 .var "Lui", 0 0;
v0x563ed998f880_0 .var "Store", 0 0;
v0x563ed998f940_0 .var "alu_control", 3 0;
v0x563ed998fa20_0 .net "auipc", 0 0, v0x563ed9990fd0_0;  alias, 1 drivers
v0x563ed998fae0_0 .net "branch", 0 0, v0x563ed9991090_0;  alias, 1 drivers
v0x563ed998fba0_0 .net "fun3", 2 0, L_0x563ed99b44e0;  alias, 1 drivers
v0x563ed998fc80_0 .net "fun7", 0 0, L_0x563ed99b4580;  alias, 1 drivers
v0x563ed998fd40_0 .net "i_type", 0 0, v0x563ed9991130_0;  alias, 1 drivers
v0x563ed998fe00_0 .var "imm_sel", 2 0;
v0x563ed998fee0_0 .net "jal", 0 0, v0x563ed99911d0_0;  alias, 1 drivers
v0x563ed998ffa0_0 .net "jalr", 0 0, v0x563ed9991270_0;  alias, 1 drivers
v0x563ed9990060_0 .net "load", 0 0, v0x563ed9991360_0;  alias, 1 drivers
v0x563ed9990120_0 .net "lui", 0 0, v0x563ed9991400_0;  alias, 1 drivers
v0x563ed99901e0_0 .var "mem_en", 0 0;
v0x563ed99902a0_0 .var "mem_to_reg", 0 0;
v0x563ed9990360_0 .var "operand_a", 0 0;
v0x563ed9990420_0 .var "operand_b", 0 0;
v0x563ed99904e0_0 .net "r_type", 0 0, v0x563ed9991570_0;  alias, 1 drivers
v0x563ed99905a0_0 .var "rd_sel", 1 0;
v0x563ed9990680_0 .var "reg_write", 0 0;
v0x563ed9990740_0 .net "store", 0 0, v0x563ed9991640_0;  alias, 1 drivers
v0x563ed9990800_0 .var "write_read", 0 0;
E_0x563ed98fa950/0 .event edge, v0x563ed99904e0_0, v0x563ed998fd40_0, v0x563ed9990060_0, v0x563ed998fee0_0;
E_0x563ed98fa950/1 .event edge, v0x563ed998ffa0_0, v0x563ed9990120_0, v0x563ed998fa20_0, v0x563ed9990740_0;
E_0x563ed98fa950/2 .event edge, v0x563ed998fae0_0, v0x563ed998fba0_0, v0x563ed998fc80_0;
E_0x563ed98fa950 .event/or E_0x563ed98fa950/0, E_0x563ed98fa950/1, E_0x563ed98fa950/2;
S_0x563ed9990d00 .scope module, "utd0" "type_decoder" 7 34, 9 1 0, S_0x563ed998eaa0;
 .timescale -9 -12;
    .port_info 0 /INPUT 7 "opcode";
    .port_info 1 /OUTPUT 1 "r_type";
    .port_info 2 /OUTPUT 1 "i_type";
    .port_info 3 /OUTPUT 1 "load";
    .port_info 4 /OUTPUT 1 "store";
    .port_info 5 /OUTPUT 1 "branch";
    .port_info 6 /OUTPUT 1 "jal";
    .port_info 7 /OUTPUT 1 "jalr";
    .port_info 8 /OUTPUT 1 "lui";
    .port_info 9 /OUTPUT 1 "auipc";
v0x563ed9990fd0_0 .var "auipc", 0 0;
v0x563ed9991090_0 .var "branch", 0 0;
v0x563ed9991130_0 .var "i_type", 0 0;
v0x563ed99911d0_0 .var "jal", 0 0;
v0x563ed9991270_0 .var "jalr", 0 0;
v0x563ed9991360_0 .var "load", 0 0;
v0x563ed9991400_0 .var "lui", 0 0;
v0x563ed99914d0_0 .net "opcode", 6 0, L_0x563ed99b4440;  alias, 1 drivers
v0x563ed9991570_0 .var "r_type", 0 0;
v0x563ed9991640_0 .var "store", 0 0;
E_0x563ed9884d90 .event edge, v0x563ed99914d0_0;
S_0x563ed9992de0 .scope module, "u_ig0" "immediategen" 5 50, 10 1 0, S_0x563ed988ca50;
 .timescale -9 -12;
    .port_info 0 /INPUT 32 "instr";
    .port_info 1 /OUTPUT 32 "i_imme";
    .port_info 2 /OUTPUT 32 "s_imme";
    .port_info 3 /OUTPUT 32 "sb_imme";
    .port_info 4 /OUTPUT 32 "u_imme";
    .port_info 5 /OUTPUT 32 "uj_imme";
v0x563ed9992fe0_0 .var "i_imme", 31 0;
v0x563ed99930e0_0 .net "instr", 31 0, v0x563ed999b9b0_0;  alias, 1 drivers
v0x563ed99931c0_0 .var "s_imme", 31 0;
v0x563ed99932b0_0 .var "sb_imme", 31 0;
v0x563ed9993390_0 .var "u_imme", 31 0;
v0x563ed99934c0_0 .var "uj_imme", 31 0;
E_0x563ed997fa10 .event edge, v0x563ed99930e0_0;
S_0x563ed9993660 .scope module, "u_mux" "mux2_4" 5 98, 11 1 0, S_0x563ed988ca50;
 .timescale -9 -12;
    .port_info 0 /INPUT 32 "a";
    .port_info 1 /INPUT 32 "b";
    .port_info 2 /INPUT 32 "c";
    .port_info 3 /INPUT 32 "d";
    .port_info 4 /INPUT 32 "e";
    .port_info 5 /INPUT 3 "sel";
    .port_info 6 /OUTPUT 32 "out";
L_0x7f014cb86450 .functor BUFT 1, C4<000>, C4<0>, C4<0>, C4<0>;
v0x563ed99938f0_0 .net/2u *"_ivl_0", 2 0, L_0x7f014cb86450;  1 drivers
v0x563ed99939f0_0 .net *"_ivl_10", 0 0, L_0x563ed99b5d10;  1 drivers
L_0x7f014cb86528 .functor BUFT 1, C4<011>, C4<0>, C4<0>, C4<0>;
v0x563ed9993ab0_0 .net/2u *"_ivl_12", 2 0, L_0x7f014cb86528;  1 drivers
v0x563ed9993b70_0 .net *"_ivl_14", 0 0, L_0x563ed99b5e00;  1 drivers
v0x563ed9993c30_0 .net *"_ivl_16", 31 0, L_0x563ed99b5ef0;  1 drivers
v0x563ed9993d60_0 .net *"_ivl_18", 31 0, L_0x563ed99b5fe0;  1 drivers
v0x563ed9993e40_0 .net *"_ivl_2", 0 0, L_0x563ed99b5a70;  1 drivers
v0x563ed9993f00_0 .net *"_ivl_20", 31 0, L_0x563ed99b6160;  1 drivers
L_0x7f014cb86498 .functor BUFT 1, C4<001>, C4<0>, C4<0>, C4<0>;
v0x563ed9993fe0_0 .net/2u *"_ivl_4", 2 0, L_0x7f014cb86498;  1 drivers
v0x563ed99940c0_0 .net *"_ivl_6", 0 0, L_0x563ed99b5c20;  1 drivers
L_0x7f014cb864e0 .functor BUFT 1, C4<010>, C4<0>, C4<0>, C4<0>;
v0x563ed9994180_0 .net/2u *"_ivl_8", 2 0, L_0x7f014cb864e0;  1 drivers
v0x563ed9994260_0 .net "a", 31 0, v0x563ed9992fe0_0;  alias, 1 drivers
v0x563ed9994320_0 .net "b", 31 0, v0x563ed99931c0_0;  alias, 1 drivers
v0x563ed99943f0_0 .net "c", 31 0, v0x563ed99932b0_0;  alias, 1 drivers
v0x563ed99944c0_0 .net "d", 31 0, v0x563ed99934c0_0;  alias, 1 drivers
v0x563ed9994590_0 .net "e", 31 0, v0x563ed9993390_0;  alias, 1 drivers
v0x563ed9994660_0 .net "out", 31 0, L_0x563ed99b62a0;  alias, 1 drivers
v0x563ed9994830_0 .net "sel", 2 0, v0x563ed998fe00_0;  alias, 1 drivers
L_0x563ed99b5a70 .cmp/eq 3, v0x563ed998fe00_0, L_0x7f014cb86450;
L_0x563ed99b5c20 .cmp/eq 3, v0x563ed998fe00_0, L_0x7f014cb86498;
L_0x563ed99b5d10 .cmp/eq 3, v0x563ed998fe00_0, L_0x7f014cb864e0;
L_0x563ed99b5e00 .cmp/eq 3, v0x563ed998fe00_0, L_0x7f014cb86528;
L_0x563ed99b5ef0 .functor MUXZ 32, v0x563ed9993390_0, v0x563ed99934c0_0, L_0x563ed99b5e00, C4<>;
L_0x563ed99b5fe0 .functor MUXZ 32, L_0x563ed99b5ef0, v0x563ed99932b0_0, L_0x563ed99b5d10, C4<>;
L_0x563ed99b6160 .functor MUXZ 32, L_0x563ed99b5fe0, v0x563ed9992fe0_0, L_0x563ed99b5c20, C4<>;
L_0x563ed99b62a0 .functor MUXZ 32, L_0x563ed99b6160, v0x563ed99931c0_0, L_0x563ed99b5a70, C4<>;
S_0x563ed9994a10 .scope module, "u_mux0" "mux" 5 125, 12 1 0, S_0x563ed988ca50;
 .timescale -9 -12;
    .port_info 0 /INPUT 32 "a";
    .port_info 1 /INPUT 32 "b";
    .port_info 2 /INPUT 1 "sel";
    .port_info 3 /OUTPUT 32 "out";
v0x563ed9994c40_0 .net "a", 31 0, L_0x563ed99b5500;  alias, 1 drivers
v0x563ed9994d20_0 .net "b", 31 0, L_0x563ed99b62a0;  alias, 1 drivers
v0x563ed9994df0_0 .net "out", 31 0, L_0x563ed99b6800;  alias, 1 drivers
v0x563ed9994ec0_0 .net "sel", 0 0, v0x563ed9990420_0;  alias, 1 drivers
L_0x563ed99b6800 .functor MUXZ 32, L_0x563ed99b5500, L_0x563ed99b62a0, v0x563ed9990420_0, C4<>;
S_0x563ed9995030 .scope module, "u_mux4" "mux" 5 116, 12 1 0, S_0x563ed988ca50;
 .timescale -9 -12;
    .port_info 0 /INPUT 32 "a";
    .port_info 1 /INPUT 32 "b";
    .port_info 2 /INPUT 1 "sel";
    .port_info 3 /OUTPUT 32 "out";
v0x563ed9995210_0 .net "a", 31 0, L_0x563ed99b4cf0;  alias, 1 drivers
v0x563ed9995320_0 .net "b", 31 0, v0x563ed999aab0_0;  alias, 1 drivers
v0x563ed99953e0_0 .net "out", 31 0, L_0x563ed99b65c0;  alias, 1 drivers
v0x563ed99954d0_0 .net "sel", 0 0, v0x563ed9990360_0;  alias, 1 drivers
L_0x563ed99b65c0 .functor MUXZ 32, L_0x563ed99b4cf0, v0x563ed999aab0_0, v0x563ed9990360_0, C4<>;
S_0x563ed9995640 .scope module, "u_rf0" "registerfile" 5 84, 13 1 0, S_0x563ed988ca50;
 .timescale -9 -12;
    .port_info 0 /INPUT 1 "clk";
    .port_info 1 /INPUT 1 "rst";
    .port_info 2 /INPUT 1 "en";
    .port_info 3 /INPUT 5 "rs1";
    .port_info 4 /INPUT 5 "rs2";
    .port_info 5 /INPUT 5 "rd";
    .port_info 6 /INPUT 32 "data";
    .port_info 7 /OUTPUT 32 "op_a";
    .port_info 8 /OUTPUT 32 "op_b";
v0x563ed99958b0_0 .net *"_ivl_0", 31 0, L_0x563ed99b4670;  1 drivers
v0x563ed99959b0_0 .net *"_ivl_10", 6 0, L_0x563ed99b4940;  1 drivers
L_0x7f014cb86210 .functor BUFT 1, C4<00>, C4<0>, C4<0>, C4<0>;
v0x563ed9995a90_0 .net *"_ivl_13", 1 0, L_0x7f014cb86210;  1 drivers
L_0x7f014cb86258 .functor BUFT 1, C4<0000001>, C4<0>, C4<0>, C4<0>;
v0x563ed9995b50_0 .net/2u *"_ivl_14", 6 0, L_0x7f014cb86258;  1 drivers
v0x563ed9995c30_0 .net *"_ivl_16", 6 0, L_0x563ed99b4b40;  1 drivers
L_0x7f014cb862a0 .functor BUFT 1, C4<00000000000000000000000000000000>, C4<0>, C4<0>, C4<0>;
v0x563ed9995d60_0 .net/2u *"_ivl_18", 31 0, L_0x7f014cb862a0;  1 drivers
v0x563ed9995e40_0 .net *"_ivl_22", 31 0, L_0x563ed99b4f00;  1 drivers
L_0x7f014cb862e8 .functor BUFT 1, C4<000000000000000000000000000>, C4<0>, C4<0>, C4<0>;
v0x563ed9995f20_0 .net *"_ivl_25", 26 0, L_0x7f014cb862e8;  1 drivers
L_0x7f014cb86330 .functor BUFT 1, C4<00000000000000000000000000000000>, C4<0>, C4<0>, C4<0>;
v0x563ed9996000_0 .net/2u *"_ivl_26", 31 0, L_0x7f014cb86330;  1 drivers
v0x563ed99960e0_0 .net *"_ivl_28", 0 0, L_0x563ed99b4ff0;  1 drivers
L_0x7f014cb86180 .functor BUFT 1, C4<000000000000000000000000000>, C4<0>, C4<0>, C4<0>;
v0x563ed99961a0_0 .net *"_ivl_3", 26 0, L_0x7f014cb86180;  1 drivers
v0x563ed9996280_0 .net *"_ivl_30", 31 0, L_0x563ed99b5180;  1 drivers
v0x563ed9996360_0 .net *"_ivl_32", 6 0, L_0x563ed99b5220;  1 drivers
L_0x7f014cb86378 .functor BUFT 1, C4<00>, C4<0>, C4<0>, C4<0>;
v0x563ed9996440_0 .net *"_ivl_35", 1 0, L_0x7f014cb86378;  1 drivers
L_0x7f014cb863c0 .functor BUFT 1, C4<0000001>, C4<0>, C4<0>, C4<0>;
v0x563ed9996520_0 .net/2u *"_ivl_36", 6 0, L_0x7f014cb863c0;  1 drivers
v0x563ed9996600_0 .net *"_ivl_38", 6 0, L_0x563ed99b5370;  1 drivers
L_0x7f014cb861c8 .functor BUFT 1, C4<00000000000000000000000000000000>, C4<0>, C4<0>, C4<0>;
v0x563ed99966e0_0 .net/2u *"_ivl_4", 31 0, L_0x7f014cb861c8;  1 drivers
L_0x7f014cb86408 .functor BUFT 1, C4<00000000000000000000000000000000>, C4<0>, C4<0>, C4<0>;
v0x563ed99968d0_0 .net/2u *"_ivl_40", 31 0, L_0x7f014cb86408;  1 drivers
v0x563ed99969b0_0 .net *"_ivl_6", 0 0, L_0x563ed99b4760;  1 drivers
v0x563ed9996a70_0 .net *"_ivl_8", 31 0, L_0x563ed99b48a0;  1 drivers
v0x563ed9996b50_0 .net "clk", 0 0, v0x563ed99a3ea0_0;  alias, 1 drivers
v0x563ed9996c10_0 .net "data", 31 0, L_0x563ed99b7350;  alias, 1 drivers
v0x563ed9996cf0_0 .net "en", 0 0, v0x563ed9990680_0;  alias, 1 drivers
v0x563ed9996d90_0 .var/i "i", 31 0;
v0x563ed9996e70_0 .net "op_a", 31 0, L_0x563ed99b4cf0;  alias, 1 drivers
v0x563ed9996f80_0 .net "op_b", 31 0, L_0x563ed99b5500;  alias, 1 drivers
v0x563ed9997090_0 .net "rd", 4 0, L_0x563ed99b5990;  1 drivers
v0x563ed9997170 .array "register", 1 31, 31 0;
v0x563ed9997230_0 .net "rs1", 4 0, L_0x563ed99b5740;  1 drivers
v0x563ed9997310_0 .net "rs2", 4 0, L_0x563ed99b58f0;  1 drivers
v0x563ed99973f0_0 .net "rst", 0 0, v0x563ed99a41d0_0;  alias, 1 drivers
E_0x563ed997f880/0 .event negedge, v0x563ed99973f0_0;
E_0x563ed997f880/1 .event posedge, v0x563ed9996b50_0;
E_0x563ed997f880 .event/or E_0x563ed997f880/0, E_0x563ed997f880/1;
L_0x563ed99b4670 .concat [ 5 27 0 0], L_0x563ed99b5740, L_0x7f014cb86180;
L_0x563ed99b4760 .cmp/ne 32, L_0x563ed99b4670, L_0x7f014cb861c8;
L_0x563ed99b48a0 .array/port v0x563ed9997170, L_0x563ed99b4b40;
L_0x563ed99b4940 .concat [ 5 2 0 0], L_0x563ed99b5740, L_0x7f014cb86210;
L_0x563ed99b4b40 .arith/sub 7, L_0x563ed99b4940, L_0x7f014cb86258;
L_0x563ed99b4cf0 .functor MUXZ 32, L_0x7f014cb862a0, L_0x563ed99b48a0, L_0x563ed99b4760, C4<>;
L_0x563ed99b4f00 .concat [ 5 27 0 0], L_0x563ed99b58f0, L_0x7f014cb862e8;
L_0x563ed99b4ff0 .cmp/ne 32, L_0x563ed99b4f00, L_0x7f014cb86330;
L_0x563ed99b5180 .array/port v0x563ed9997170, L_0x563ed99b5370;
L_0x563ed99b5220 .concat [ 5 2 0 0], L_0x563ed99b58f0, L_0x7f014cb86378;
L_0x563ed99b5370 .arith/sub 7, L_0x563ed99b5220, L_0x7f014cb863c0;
L_0x563ed99b5500 .functor MUXZ 32, L_0x7f014cb86408, L_0x563ed99b5180, L_0x563ed99b4ff0, C4<>;
S_0x563ed99996f0 .scope module, "u_execute0" "execute" 4 88, 14 2 0, S_0x563ed997bc50;
 .timescale -9 -12;
    .port_info 0 /INPUT 32 "a_i";
    .port_info 1 /INPUT 32 "b_i";
    .port_info 2 /INPUT 4 "alu_control";
    .port_info 3 /OUTPUT 32 "alu_out";
v0x563ed999a070_0 .net "a_i", 31 0, L_0x563ed99b65c0;  alias, 1 drivers
v0x563ed999a150_0 .net "alu_control", 3 0, v0x563ed998f940_0;  alias, 1 drivers
v0x563ed999a210_0 .net "alu_out", 31 0, v0x563ed9999f10_0;  alias, 1 drivers
v0x563ed999a2b0_0 .net "b_i", 31 0, L_0x563ed99b6800;  alias, 1 drivers
S_0x563ed9999960 .scope module, "u_alu0" "alu" 14 12, 15 1 0, S_0x563ed99996f0;
 .timescale -9 -12;
    .port_info 0 /INPUT 32 "a_i";
    .port_info 1 /INPUT 32 "b_i";
    .port_info 2 /INPUT 4 "op_i";
    .port_info 3 /OUTPUT 32 "res_o";
v0x563ed9999c30_0 .net "a_i", 31 0, L_0x563ed99b65c0;  alias, 1 drivers
v0x563ed9999d60_0 .net "b_i", 31 0, L_0x563ed99b6800;  alias, 1 drivers
v0x563ed9999e70_0 .net "op_i", 3 0, v0x563ed998f940_0;  alias, 1 drivers
v0x563ed9999f10_0 .var "res_o", 31 0;
E_0x563ed9999bb0 .event edge, v0x563ed998f940_0, v0x563ed99953e0_0, v0x563ed9994df0_0;
S_0x563ed999a3d0 .scope module, "u_fetch_stage0" "Fetch_stage" 4 46, 16 2 0, S_0x563ed997bc50;
 .timescale -9 -12;
    .port_info 0 /INPUT 1 "clk";
    .port_info 1 /INPUT 1 "rst";
    .port_info 2 /INPUT 1 "valid";
    .port_info 3 /INPUT 1 "Branch";
    .port_info 4 /INPUT 1 "jal";
    .port_info 5 /INPUT 1 "jalr";
    .port_info 6 /INPUT 1 "b_result";
    .port_info 7 /INPUT 32 "instruction_fetch";
    .port_info 8 /INPUT 32 "alu_res";
    .port_info 9 /INPUT 32 "address_in";
    .port_info 10 /OUTPUT 1 "we_re";
    .port_info 11 /OUTPUT 1 "request";
    .port_info 12 /OUTPUT 4 "mask";
    .port_info 13 /OUTPUT 32 "address_out";
    .port_info 14 /OUTPUT 32 "instruction";
v0x563ed999b520_0 .net "Branch", 0 0, L_0x563ed99b69d0;  alias, 1 drivers
L_0x7f014cb86138 .functor BUFT 1, C4<00000000000000000000000000000000>, C4<0>, C4<0>, C4<0>;
v0x563ed999b5e0_0 .net "address_in", 31 0, L_0x7f014cb86138;  1 drivers
v0x563ed999b6c0_0 .net "address_out", 31 0, v0x563ed999aab0_0;  alias, 1 drivers
v0x563ed999b760_0 .net "alu_res", 31 0, v0x563ed9999f10_0;  alias, 1 drivers
v0x563ed999b820_0 .net "b_result", 0 0, v0x563ed998e8f0_0;  alias, 1 drivers
v0x563ed999b910_0 .net "clk", 0 0, v0x563ed99a3ea0_0;  alias, 1 drivers
v0x563ed999b9b0_0 .var "instruction", 31 0;
v0x563ed999bac0_0 .net "instruction_fetch", 31 0, v0x563ed99a2b00_0;  alias, 1 drivers
v0x563ed999bba0_0 .net "jal", 0 0, v0x563ed998f590_0;  alias, 1 drivers
v0x563ed999bd60_0 .net "jalr", 0 0, v0x563ed998f630_0;  alias, 1 drivers
v0x563ed999be90_0 .net "mask", 3 0, L_0x7f014cb86060;  alias, 1 drivers
v0x563ed999bf70_0 .net "request", 0 0, L_0x7f014cb860f0;  alias, 1 drivers
v0x563ed999c030_0 .net "rst", 0 0, v0x563ed99a41d0_0;  alias, 1 drivers
v0x563ed999c0d0_0 .net "valid", 0 0, v0x563ed99a2d50_0;  alias, 1 drivers
v0x563ed999c190_0 .net "we_re", 0 0, L_0x7f014cb860a8;  alias, 1 drivers
E_0x563ed999a6d0 .event edge, v0x563ed999bac0_0;
S_0x563ed999a730 .scope module, "u_pc0" "pc" 16 25, 17 1 0, S_0x563ed999a3d0;
 .timescale -9 -12;
    .port_info 0 /INPUT 1 "Branch";
    .port_info 1 /INPUT 1 "jal";
    .port_info 2 /INPUT 1 "jalr";
    .port_info 3 /INPUT 1 "b_result";
    .port_info 4 /INPUT 32 "branch_address";
    .port_info 5 /INPUT 32 "jal_address";
    .port_info 6 /INPUT 32 "jalr_address";
    .port_info 7 /INPUT 1 "clk";
    .port_info 8 /INPUT 1 "rst";
    .port_info 9 /INPUT 32 "address_in";
    .port_info 10 /OUTPUT 32 "address_out";
v0x563ed999a930_0 .net "Branch", 0 0, L_0x563ed99b69d0;  alias, 1 drivers
L_0x7f014cb86018 .functor BUFT 1, C4<00000000000000000000000000000000>, C4<0>, C4<0>, C4<0>;
v0x563ed999a9f0_0 .net "address_in", 31 0, L_0x7f014cb86018;  1 drivers
v0x563ed999aab0_0 .var "address_out", 31 0;
v0x563ed999aba0_0 .net "b_result", 0 0, v0x563ed998e8f0_0;  alias, 1 drivers
v0x563ed999ac90_0 .net "branch_address", 31 0, v0x563ed9999f10_0;  alias, 1 drivers
v0x563ed999adf0_0 .net "clk", 0 0, v0x563ed99a3ea0_0;  alias, 1 drivers
v0x563ed999aee0_0 .net "jal", 0 0, v0x563ed998f590_0;  alias, 1 drivers
v0x563ed999af80_0 .net "jal_address", 31 0, v0x563ed9999f10_0;  alias, 1 drivers
v0x563ed999b040_0 .net "jalr", 0 0, v0x563ed998f630_0;  alias, 1 drivers
v0x563ed999b170_0 .net "jalr_address", 31 0, v0x563ed9999f10_0;  alias, 1 drivers
v0x563ed999b2c0_0 .net "rst", 0 0, v0x563ed99a41d0_0;  alias, 1 drivers
S_0x563ed999c4b0 .scope module, "u_memory_stage" "memory_stage" 4 97, 18 2 0, S_0x563ed997bc50;
 .timescale -9 -12;
    .port_info 0 /INPUT 1 "load";
    .port_info 1 /INPUT 1 "store";
    .port_info 2 /INPUT 1 "valid";
    .port_info 3 /INPUT 32 "op_b";
    .port_info 4 /INPUT 32 "alu_out_address";
    .port_info 5 /INPUT 32 "instruction";
    .port_info 6 /INPUT 32 "wrap_load_in";
    .port_info 7 /OUTPUT 1 "we_re";
    .port_info 8 /OUTPUT 1 "request";
    .port_info 9 /OUTPUT 4 "mask";
    .port_info 10 /OUTPUT 32 "store_data_out";
    .port_info 11 /OUTPUT 32 "wrap_load_out";
v0x563ed999d380_0 .net "alu_out_address", 31 0, v0x563ed9999f10_0;  alias, 1 drivers
v0x563ed999d460_0 .net "instruction", 31 0, v0x563ed999b9b0_0;  alias, 1 drivers
v0x563ed999d520_0 .net "load", 0 0, v0x563ed998f6d0_0;  alias, 1 drivers
v0x563ed999d650_0 .net "mask", 3 0, v0x563ed999ce90_0;  alias, 1 drivers
v0x563ed999d6f0_0 .net "op_b", 31 0, L_0x563ed99b64c0;  alias, 1 drivers
v0x563ed999d790_0 .var "request", 0 0;
v0x563ed999d850_0 .net "store", 0 0, v0x563ed998f880_0;  alias, 1 drivers
v0x563ed999d980_0 .net "store_data_out", 31 0, v0x563ed999cca0_0;  alias, 1 drivers
v0x563ed999da40_0 .net "valid", 0 0, v0x563ed99a2190_0;  alias, 1 drivers
v0x563ed999db70_0 .var "we_re", 0 0;
v0x563ed999dc30_0 .net "wrap_load_in", 31 0, v0x563ed99a2050_0;  alias, 1 drivers
v0x563ed999dcf0_0 .net "wrap_load_out", 31 0, v0x563ed999d0f0_0;  alias, 1 drivers
E_0x563ed999c6b0 .event edge, v0x563ed998f6d0_0, v0x563ed998f880_0;
L_0x563ed99b6b60 .part v0x563ed9999f10_0, 0, 2;
L_0x563ed99b6c00 .part v0x563ed999b9b0_0, 12, 3;
S_0x563ed999c730 .scope module, "u_wm0" "wrappermem" 18 20, 19 1 0, S_0x563ed999c4b0;
 .timescale -9 -12;
    .port_info 0 /INPUT 32 "data_i";
    .port_info 1 /INPUT 2 "byteadd";
    .port_info 2 /INPUT 3 "fun3";
    .port_info 3 /INPUT 1 "mem_en";
    .port_info 4 /INPUT 1 "Load";
    .port_info 5 /INPUT 32 "wrap_load_in";
    .port_info 6 /OUTPUT 4 "masking";
    .port_info 7 /OUTPUT 32 "data_o";
    .port_info 8 /OUTPUT 32 "wrap_load_out";
v0x563ed999ca60_0 .net "Load", 0 0, v0x563ed998f6d0_0;  alias, 1 drivers
v0x563ed999cb20_0 .net "byteadd", 1 0, L_0x563ed99b6b60;  1 drivers
v0x563ed999cc00_0 .net "data_i", 31 0, L_0x563ed99b64c0;  alias, 1 drivers
v0x563ed999cca0_0 .var "data_o", 31 0;
v0x563ed999cd60_0 .net "fun3", 2 0, L_0x563ed99b6c00;  1 drivers
v0x563ed999ce90_0 .var "masking", 3 0;
v0x563ed999cf70_0 .net "mem_en", 0 0, v0x563ed998f880_0;  alias, 1 drivers
v0x563ed999d010_0 .net "wrap_load_in", 31 0, v0x563ed99a2050_0;  alias, 1 drivers
v0x563ed999d0f0_0 .var "wrap_load_out", 31 0;
E_0x563ed999c9c0/0 .event edge, v0x563ed998f880_0, v0x563ed999cd60_0, v0x563ed999cb20_0, v0x563ed99986a0_0;
E_0x563ed999c9c0/1 .event edge, v0x563ed998f6d0_0, v0x563ed999d010_0;
E_0x563ed999c9c0 .event/or E_0x563ed999c9c0/0, E_0x563ed999c9c0/1;
S_0x563ed999df60 .scope module, "u_writeback_stage2" "write_back" 4 115, 20 2 0, S_0x563ed997bc50;
 .timescale -9 -12;
    .port_info 0 /INPUT 2 "mem_to_reg";
    .port_info 1 /INPUT 32 "alu_out";
    .port_info 2 /INPUT 32 "data_mem_out";
    .port_info 3 /INPUT 32 "pc_address";
    .port_info 4 /INPUT 32 "u_immo";
    .port_info 5 /OUTPUT 32 "rd_sel_mux_out";
v0x563ed999f3e0_0 .net "alu_out", 31 0, v0x563ed9999f10_0;  alias, 1 drivers
v0x563ed999f5d0_0 .net "data_mem_out", 31 0, v0x563ed999d0f0_0;  alias, 1 drivers
v0x563ed999f690_0 .net "mem_to_reg", 1 0, v0x563ed99905a0_0;  alias, 1 drivers
v0x563ed999f730_0 .net "pc_address", 31 0, v0x563ed999aab0_0;  alias, 1 drivers
v0x563ed999f7f0_0 .net "rd_sel_mux_out", 31 0, L_0x563ed99b7350;  alias, 1 drivers
v0x563ed999f8b0_0 .net "u_immo", 31 0, L_0x563ed99b4be0;  alias, 1 drivers
S_0x563ed999e1d0 .scope module, "u_0" "rd_address" 20 13, 21 1 0, S_0x563ed999df60;
 .timescale -9 -12;
    .port_info 0 /INPUT 32 "alu_out";
    .port_info 1 /INPUT 32 "wrapermout";
    .port_info 2 /INPUT 32 "jal_addr";
    .port_info 3 /INPUT 32 "lui_addr";
    .port_info 4 /INPUT 2 "sel";
    .port_info 5 /OUTPUT 32 "out";
L_0x7f014cb86570 .functor BUFT 1, C4<11>, C4<0>, C4<0>, C4<0>;
v0x563ed999e4b0_0 .net/2u *"_ivl_0", 1 0, L_0x7f014cb86570;  1 drivers
v0x563ed999e5b0_0 .net *"_ivl_10", 0 0, L_0x563ed99b6ec0;  1 drivers
L_0x7f014cb86648 .functor BUFT 1, C4<00000000000000000000000000000100>, C4<0>, C4<0>, C4<0>;
v0x563ed999e670_0 .net/2u *"_ivl_12", 31 0, L_0x7f014cb86648;  1 drivers
v0x563ed999e730_0 .net *"_ivl_14", 31 0, L_0x563ed99b7070;  1 drivers
v0x563ed999e810_0 .net *"_ivl_16", 31 0, L_0x563ed99b7180;  1 drivers
v0x563ed999e940_0 .net *"_ivl_18", 31 0, L_0x563ed99b7220;  1 drivers
v0x563ed999ea20_0 .net *"_ivl_2", 0 0, L_0x563ed99b6d80;  1 drivers
L_0x7f014cb865b8 .functor BUFT 1, C4<00>, C4<0>, C4<0>, C4<0>;
v0x563ed999eae0_0 .net/2u *"_ivl_4", 1 0, L_0x7f014cb865b8;  1 drivers
v0x563ed999ebc0_0 .net *"_ivl_6", 0 0, L_0x563ed99b6e20;  1 drivers
L_0x7f014cb86600 .functor BUFT 1, C4<01>, C4<0>, C4<0>, C4<0>;
v0x563ed999ed10_0 .net/2u *"_ivl_8", 1 0, L_0x7f014cb86600;  1 drivers
v0x563ed999edf0_0 .net "alu_out", 31 0, v0x563ed9999f10_0;  alias, 1 drivers
v0x563ed999eeb0_0 .net "jal_addr", 31 0, v0x563ed999aab0_0;  alias, 1 drivers
v0x563ed999f000_0 .net "lui_addr", 31 0, L_0x563ed99b4be0;  alias, 1 drivers
v0x563ed999f0c0_0 .net "out", 31 0, L_0x563ed99b7350;  alias, 1 drivers
v0x563ed999f160_0 .net "sel", 1 0, v0x563ed99905a0_0;  alias, 1 drivers
v0x563ed999f220_0 .net "wrapermout", 31 0, v0x563ed999d0f0_0;  alias, 1 drivers
L_0x563ed99b6d80 .cmp/eq 2, v0x563ed99905a0_0, L_0x7f014cb86570;
L_0x563ed99b6e20 .cmp/eq 2, v0x563ed99905a0_0, L_0x7f014cb865b8;
L_0x563ed99b6ec0 .cmp/eq 2, v0x563ed99905a0_0, L_0x7f014cb86600;
L_0x563ed99b7070 .arith/sum 32, v0x563ed999aab0_0, L_0x7f014cb86648;
L_0x563ed99b7180 .functor MUXZ 32, L_0x563ed99b7070, v0x563ed999d0f0_0, L_0x563ed99b6ec0, C4<>;
L_0x563ed99b7220 .functor MUXZ 32, L_0x563ed99b7180, v0x563ed9999f10_0, L_0x563ed99b6e20, C4<>;
L_0x563ed99b7350 .functor MUXZ 32, L_0x563ed99b7220, L_0x563ed99b4be0, L_0x563ed99b6d80, C4<>;
S_0x563ed99a1ab0 .scope module, "u_data_memory0" "c_mem" 3 58, 22 1 0, S_0x563ed9890e80;
 .timescale -9 -12;
    .port_info 0 /INPUT 1 "clk";
    .port_info 1 /INPUT 1 "request";
    .port_info 2 /INPUT 8 "address";
    .port_info 3 /INPUT 32 "w_data";
    .port_info 4 /INPUT 4 "masking";
    .port_info 5 /INPUT 1 "we_re";
    .port_info 6 /OUTPUT 1 "valid";
    .port_info 7 /OUTPUT 32 "r_data";
v0x563ed99a1d50_0 .net "address", 7 0, L_0x563ed99b7490;  1 drivers
v0x563ed99a1e50_0 .net "clk", 0 0, v0x563ed99a3ea0_0;  alias, 1 drivers
v0x563ed99a1f10_0 .net "masking", 3 0, L_0x563ed99b6d10;  alias, 1 drivers
v0x563ed99a1fb0 .array "mem", 255 0, 31 0;
v0x563ed99a2050_0 .var "r_data", 31 0;
v0x563ed99a20f0_0 .net "request", 0 0, v0x563ed999d790_0;  alias, 1 drivers
v0x563ed99a2190_0 .var "valid", 0 0;
v0x563ed99a2230_0 .net "w_data", 31 0, v0x563ed999cca0_0;  alias, 1 drivers
v0x563ed99a22f0_0 .net "we_re", 0 0, v0x563ed999db70_0;  alias, 1 drivers
E_0x563ed999e0f0 .event posedge, v0x563ed9996b50_0;
S_0x563ed99a2520 .scope module, "u_instruction_mem0" "c_mem" 3 26, 22 1 0, S_0x563ed9890e80;
 .timescale -9 -12;
    .port_info 0 /INPUT 1 "clk";
    .port_info 1 /INPUT 1 "request";
    .port_info 2 /INPUT 8 "address";
    .port_info 3 /INPUT 32 "w_data";
    .port_info 4 /INPUT 4 "masking";
    .port_info 5 /INPUT 1 "we_re";
    .port_info 6 /OUTPUT 1 "valid";
    .port_info 7 /OUTPUT 32 "r_data";
v0x563ed99a27d0_0 .net "address", 7 0, L_0x563ed99a4270;  1 drivers
v0x563ed99a28b0_0 .net "clk", 0 0, v0x563ed99a3ea0_0;  alias, 1 drivers
v0x563ed99a2970_0 .net "masking", 3 0, L_0x7f014cb86060;  alias, 1 drivers
v0x563ed99a2a60 .array "mem", 255 0, 31 0;
v0x563ed99a2b00_0 .var "r_data", 31 0;
v0x563ed99a2c60_0 .net "request", 0 0, L_0x7f014cb860f0;  alias, 1 drivers
v0x563ed99a2d50_0 .var "valid", 0 0;
v0x563ed99a2e40_0 .net "w_data", 31 0, v0x563ed99a4130_0;  alias, 1 drivers
v0x563ed99a2f20_0 .net "we_re", 0 0, L_0x7f014cb860a8;  alias, 1 drivers
    .scope S_0x563ed99a2520;
T_0 ;
    %vpi_call 22 16 "$readmemh", "instr.mem", v0x563ed99a2a60 {0 0 0};
    %end;
    .thread T_0;
    .scope S_0x563ed99a2520;
T_1 ;
    %wait E_0x563ed999e0f0;
    %pushi/vec4 0, 0, 1;
    %assign/vec4 v0x563ed99a2d50_0, 0;
    %load/vec4 v0x563ed99a2c60_0;
    %load/vec4 v0x563ed99a2f20_0;
    %and;
    %flag_set/vec4 8;
    %jmp/0xz  T_1.0, 8;
    %load/vec4 v0x563ed99a2970_0;
    %parti/s 1, 0, 2;
    %flag_set/vec4 8;
    %jmp/0xz  T_1.2, 8;
    %load/vec4 v0x563ed99a2e40_0;
    %parti/s 8, 0, 2;
    %load/vec4 v0x563ed99a27d0_0;
    %pad/u 10;
    %ix/vec4 3;
    %ix/load 4, 0, 0; Constant delay
    %assign/vec4/a/d v0x563ed99a2a60, 0, 4;
T_1.2 ;
    %load/vec4 v0x563ed99a2970_0;
    %parti/s 1, 1, 2;
    %flag_set/vec4 8;
    %jmp/0xz  T_1.4, 8;
    %load/vec4 v0x563ed99a2e40_0;
    %parti/s 8, 8, 5;
    %load/vec4 v0x563ed99a27d0_0;
    %pad/u 10;
    %ix/vec4 3;
    %ix/load 4, 8, 0; part off
    %ix/load 5, 0, 0; Constant delay
    %assign/vec4/a/d v0x563ed99a2a60, 4, 5;
T_1.4 ;
    %load/vec4 v0x563ed99a2970_0;
    %parti/s 1, 2, 3;
    %flag_set/vec4 8;
    %jmp/0xz  T_1.6, 8;
    %load/vec4 v0x563ed99a2e40_0;
    %parti/s 8, 16, 6;
    %load/vec4 v0x563ed99a27d0_0;
    %pad/u 10;
    %ix/vec4 3;
    %ix/load 4, 16, 0; part off
    %ix/load 5, 0, 0; Constant delay
    %assign/vec4/a/d v0x563ed99a2a60, 4, 5;
T_1.6 ;
    %load/vec4 v0x563ed99a2970_0;
    %parti/s 1, 3, 3;
    %flag_set/vec4 8;
    %jmp/0xz  T_1.8, 8;
    %load/vec4 v0x563ed99a2e40_0;
    %parti/s 8, 24, 6;
    %load/vec4 v0x563ed99a27d0_0;
    %pad/u 10;
    %ix/vec4 3;
    %ix/load 4, 24, 0; part off
    %ix/load 5, 0, 0; Constant delay
    %assign/vec4/a/d v0x563ed99a2a60, 4, 5;
T_1.8 ;
T_1.0 ;
    %load/vec4 v0x563ed99a2c60_0;
    %load/vec4 v0x563ed99a2f20_0;
    %pushi/vec4 0, 0, 1;
    %cmp/e;
    %flag_get/vec4 4;
    %and;
    %flag_set/vec4 8;
    %jmp/0xz  T_1.10, 8;
    %pushi/vec4 1, 0, 1;
    %assign/vec4 v0x563ed99a2d50_0, 0;
    %load/vec4 v0x563ed99a27d0_0;
    %pad/u 10;
    %ix/vec4 4;
    %load/vec4a v0x563ed99a2a60, 4;
    %assign/vec4 v0x563ed99a2b00_0, 0;
T_1.10 ;
    %jmp T_1;
    .thread T_1;
    .scope S_0x563ed999a730;
T_2 ;
    %wait E_0x563ed997f880;
    %load/vec4 v0x563ed999b2c0_0;
    %nor/r;
    %flag_set/vec4 8;
    %jmp/0xz  T_2.0, 8;
    %pushi/vec4 0, 0, 32;
    %assign/vec4 v0x563ed999aab0_0, 0;
    %jmp T_2.1;
T_2.0 ;
    %load/vec4 v0x563ed999a930_0;
    %load/vec4 v0x563ed999aba0_0;
    %and;
    %flag_set/vec4 8;
    %jmp/0xz  T_2.2, 8;
    %load/vec4 v0x563ed999ac90_0;
    %assign/vec4 v0x563ed999aab0_0, 0;
    %jmp T_2.3;
T_2.2 ;
    %load/vec4 v0x563ed999aee0_0;
    %flag_set/vec4 8;
    %jmp/0xz  T_2.4, 8;
    %load/vec4 v0x563ed999af80_0;
    %assign/vec4 v0x563ed999aab0_0, 0;
    %jmp T_2.5;
T_2.4 ;
    %load/vec4 v0x563ed999b040_0;
    %flag_set/vec4 8;
    %jmp/0xz  T_2.6, 8;
    %load/vec4 v0x563ed999b170_0;
    %assign/vec4 v0x563ed999aab0_0, 0;
    %jmp T_2.7;
T_2.6 ;
    %load/vec4 v0x563ed999aab0_0;
    %addi 4, 0, 32;
    %assign/vec4 v0x563ed999aab0_0, 0;
T_2.7 ;
T_2.5 ;
T_2.3 ;
T_2.1 ;
    %jmp T_2;
    .thread T_2;
    .scope S_0x563ed999a3d0;
T_3 ;
    %wait E_0x563ed999a6d0;
    %load/vec4 v0x563ed999bac0_0;
    %store/vec4 v0x563ed999b9b0_0, 0, 32;
    %jmp T_3;
    .thread T_3, $push;
    .scope S_0x563ed9992de0;
T_4 ;
    %wait E_0x563ed997fa10;
    %load/vec4 v0x563ed99930e0_0;
    %parti/s 1, 31, 6;
    %replicate 20;
    %load/vec4 v0x563ed99930e0_0;
    %parti/s 12, 20, 6;
    %concat/vec4; draw_concat_vec4
    %store/vec4 v0x563ed9992fe0_0, 0, 32;
    %load/vec4 v0x563ed99930e0_0;
    %parti/s 1, 31, 6;
    %replicate 20;
    %load/vec4 v0x563ed99930e0_0;
    %parti/s 7, 25, 6;
    %concat/vec4; draw_concat_vec4
    %load/vec4 v0x563ed99930e0_0;
    %parti/s 5, 7, 4;
    %concat/vec4; draw_concat_vec4
    %store/vec4 v0x563ed99931c0_0, 0, 32;
    %load/vec4 v0x563ed99930e0_0;
    %parti/s 1, 31, 6;
    %replicate 19;
    %load/vec4 v0x563ed99930e0_0;
    %parti/s 1, 31, 6;
    %concat/vec4; draw_concat_vec4
    %load/vec4 v0x563ed99930e0_0;
    %parti/s 1, 7, 4;
    %concat/vec4; draw_concat_vec4
    %load/vec4 v0x563ed99930e0_0;
    %parti/s 6, 25, 6;
    %concat/vec4; draw_concat_vec4
    %load/vec4 v0x563ed99930e0_0;
    %parti/s 4, 8, 5;
    %concat/vec4; draw_concat_vec4
    %concati/vec4 0, 0, 1;
    %store/vec4 v0x563ed99932b0_0, 0, 32;
    %load/vec4 v0x563ed99930e0_0;
    %parti/s 1, 31, 6;
    %replicate 11;
    %load/vec4 v0x563ed99930e0_0;
    %parti/s 1, 31, 6;
    %concat/vec4; draw_concat_vec4
    %load/vec4 v0x563ed99930e0_0;
    %parti/s 8, 12, 5;
    %concat/vec4; draw_concat_vec4
    %load/vec4 v0x563ed99930e0_0;
    %parti/s 1, 20, 6;
    %concat/vec4; draw_concat_vec4
    %load/vec4 v0x563ed99930e0_0;
    %parti/s 10, 21, 6;
    %concat/vec4; draw_concat_vec4
    %concati/vec4 0, 0, 1;
    %store/vec4 v0x563ed99934c0_0, 0, 32;
    %load/vec4 v0x563ed99930e0_0;
    %parti/s 20, 12, 5;
    %concati/vec4 0, 0, 12;
    %store/vec4 v0x563ed9993390_0, 0, 32;
    %jmp T_4;
    .thread T_4, $push;
    .scope S_0x563ed9990d00;
T_5 ;
    %wait E_0x563ed9884d90;
    %load/vec4 v0x563ed99914d0_0;
    %dup/vec4;
    %pushi/vec4 51, 0, 7;
    %cmp/u;
    %jmp/1 T_5.0, 6;
    %dup/vec4;
    %pushi/vec4 19, 0, 7;
    %cmp/u;
    %jmp/1 T_5.1, 6;
    %dup/vec4;
    %pushi/vec4 3, 0, 7;
    %cmp/u;
    %jmp/1 T_5.2, 6;
    %dup/vec4;
    %pushi/vec4 35, 0, 7;
    %cmp/u;
    %jmp/1 T_5.3, 6;
    %dup/vec4;
    %pushi/vec4 99, 0, 7;
    %cmp/u;
    %jmp/1 T_5.4, 6;
    %dup/vec4;
    %pushi/vec4 111, 0, 7;
    %cmp/u;
    %jmp/1 T_5.5, 6;
    %dup/vec4;
    %pushi/vec4 103, 0, 7;
    %cmp/u;
    %jmp/1 T_5.6, 6;
    %dup/vec4;
    %pushi/vec4 55, 0, 7;
    %cmp/u;
    %jmp/1 T_5.7, 6;
    %dup/vec4;
    %pushi/vec4 23, 0, 7;
    %cmp/u;
    %jmp/1 T_5.8, 6;
    %pushi/vec4 0, 0, 1;
    %store/vec4 v0x563ed9991570_0, 0, 1;
    %pushi/vec4 0, 0, 1;
    %store/vec4 v0x563ed9991130_0, 0, 1;
    %pushi/vec4 0, 0, 1;
    %store/vec4 v0x563ed9991360_0, 0, 1;
    %pushi/vec4 0, 0, 1;
    %store/vec4 v0x563ed9991640_0, 0, 1;
    %pushi/vec4 0, 0, 1;
    %store/vec4 v0x563ed9991090_0, 0, 1;
    %pushi/vec4 0, 0, 1;
    %store/vec4 v0x563ed99911d0_0, 0, 1;
    %pushi/vec4 0, 0, 1;
    %store/vec4 v0x563ed9991270_0, 0, 1;
    %pushi/vec4 0, 0, 1;
    %store/vec4 v0x563ed9991400_0, 0, 1;
    %pushi/vec4 0, 0, 1;
    %store/vec4 v0x563ed9990fd0_0, 0, 1;
    %jmp T_5.10;
T_5.0 ;
    %pushi/vec4 1, 0, 1;
    %store/vec4 v0x563ed9991570_0, 0, 1;
    %pushi/vec4 0, 0, 1;
    %store/vec4 v0x563ed9991130_0, 0, 1;
    %pushi/vec4 0, 0, 1;
    %store/vec4 v0x563ed9991360_0, 0, 1;
    %pushi/vec4 0, 0, 1;
    %store/vec4 v0x563ed9991640_0, 0, 1;
    %pushi/vec4 0, 0, 1;
    %store/vec4 v0x563ed9991090_0, 0, 1;
    %pushi/vec4 0, 0, 1;
    %store/vec4 v0x563ed99911d0_0, 0, 1;
    %pushi/vec4 0, 0, 1;
    %store/vec4 v0x563ed9991270_0, 0, 1;
    %pushi/vec4 0, 0, 1;
    %store/vec4 v0x563ed9991400_0, 0, 1;
    %pushi/vec4 0, 0, 1;
    %store/vec4 v0x563ed9990fd0_0, 0, 1;
    %jmp T_5.10;
T_5.1 ;
    %pushi/vec4 1, 0, 1;
    %store/vec4 v0x563ed9991130_0, 0, 1;
    %pushi/vec4 0, 0, 1;
    %store/vec4 v0x563ed9991570_0, 0, 1;
    %pushi/vec4 0, 0, 1;
    %store/vec4 v0x563ed9991360_0, 0, 1;
    %pushi/vec4 0, 0, 1;
    %store/vec4 v0x563ed9991640_0, 0, 1;
    %pushi/vec4 0, 0, 1;
    %store/vec4 v0x563ed9991090_0, 0, 1;
    %pushi/vec4 0, 0, 1;
    %store/vec4 v0x563ed99911d0_0, 0, 1;
    %pushi/vec4 0, 0, 1;
    %store/vec4 v0x563ed9991270_0, 0, 1;
    %pushi/vec4 0, 0, 1;
    %store/vec4 v0x563ed9991400_0, 0, 1;
    %pushi/vec4 0, 0, 1;
    %store/vec4 v0x563ed9990fd0_0, 0, 1;
    %jmp T_5.10;
T_5.2 ;
    %pushi/vec4 1, 0, 1;
    %store/vec4 v0x563ed9991360_0, 0, 1;
    %pushi/vec4 0, 0, 1;
    %store/vec4 v0x563ed9991570_0, 0, 1;
    %pushi/vec4 0, 0, 1;
    %store/vec4 v0x563ed9991130_0, 0, 1;
    %pushi/vec4 0, 0, 1;
    %store/vec4 v0x563ed9991640_0, 0, 1;
    %pushi/vec4 0, 0, 1;
    %store/vec4 v0x563ed9991090_0, 0, 1;
    %pushi/vec4 0, 0, 1;
    %store/vec4 v0x563ed9990fd0_0, 0, 1;
    %pushi/vec4 0, 0, 1;
    %store/vec4 v0x563ed9991270_0, 0, 1;
    %pushi/vec4 0, 0, 1;
    %store/vec4 v0x563ed9991400_0, 0, 1;
    %pushi/vec4 0, 0, 1;
    %store/vec4 v0x563ed99911d0_0, 0, 1;
    %jmp T_5.10;
T_5.3 ;
    %pushi/vec4 1, 0, 1;
    %store/vec4 v0x563ed9991640_0, 0, 1;
    %pushi/vec4 0, 0, 1;
    %store/vec4 v0x563ed9991570_0, 0, 1;
    %pushi/vec4 0, 0, 1;
    %store/vec4 v0x563ed9991130_0, 0, 1;
    %pushi/vec4 0, 0, 1;
    %store/vec4 v0x563ed9991360_0, 0, 1;
    %pushi/vec4 0, 0, 1;
    %store/vec4 v0x563ed9991090_0, 0, 1;
    %pushi/vec4 0, 0, 1;
    %store/vec4 v0x563ed99911d0_0, 0, 1;
    %pushi/vec4 0, 0, 1;
    %store/vec4 v0x563ed9991400_0, 0, 1;
    %pushi/vec4 0, 0, 1;
    %store/vec4 v0x563ed9990fd0_0, 0, 1;
    %pushi/vec4 0, 0, 1;
    %store/vec4 v0x563ed9991270_0, 0, 1;
    %jmp T_5.10;
T_5.4 ;
    %pushi/vec4 1, 0, 1;
    %store/vec4 v0x563ed9991090_0, 0, 1;
    %pushi/vec4 0, 0, 1;
    %store/vec4 v0x563ed9991570_0, 0, 1;
    %pushi/vec4 0, 0, 1;
    %store/vec4 v0x563ed9991130_0, 0, 1;
    %pushi/vec4 0, 0, 1;
    %store/vec4 v0x563ed9991360_0, 0, 1;
    %pushi/vec4 0, 0, 1;
    %store/vec4 v0x563ed9991640_0, 0, 1;
    %pushi/vec4 0, 0, 1;
    %store/vec4 v0x563ed99911d0_0, 0, 1;
    %pushi/vec4 0, 0, 1;
    %store/vec4 v0x563ed9991400_0, 0, 1;
    %pushi/vec4 0, 0, 1;
    %store/vec4 v0x563ed9990fd0_0, 0, 1;
    %pushi/vec4 0, 0, 1;
    %store/vec4 v0x563ed9991270_0, 0, 1;
    %jmp T_5.10;
T_5.5 ;
    %pushi/vec4 1, 0, 1;
    %store/vec4 v0x563ed99911d0_0, 0, 1;
    %pushi/vec4 0, 0, 1;
    %store/vec4 v0x563ed9991090_0, 0, 1;
    %pushi/vec4 0, 0, 1;
    %store/vec4 v0x563ed9991570_0, 0, 1;
    %pushi/vec4 0, 0, 1;
    %store/vec4 v0x563ed9991130_0, 0, 1;
    %pushi/vec4 0, 0, 1;
    %store/vec4 v0x563ed9991360_0, 0, 1;
    %pushi/vec4 0, 0, 1;
    %store/vec4 v0x563ed9991640_0, 0, 1;
    %pushi/vec4 0, 0, 1;
    %store/vec4 v0x563ed9991400_0, 0, 1;
    %pushi/vec4 0, 0, 1;
    %store/vec4 v0x563ed9990fd0_0, 0, 1;
    %pushi/vec4 0, 0, 1;
    %store/vec4 v0x563ed9991270_0, 0, 1;
    %jmp T_5.10;
T_5.6 ;
    %pushi/vec4 1, 0, 1;
    %store/vec4 v0x563ed9991270_0, 0, 1;
    %pushi/vec4 0, 0, 1;
    %store/vec4 v0x563ed99911d0_0, 0, 1;
    %pushi/vec4 0, 0, 1;
    %store/vec4 v0x563ed9991090_0, 0, 1;
    %pushi/vec4 0, 0, 1;
    %store/vec4 v0x563ed9991570_0, 0, 1;
    %pushi/vec4 0, 0, 1;
    %store/vec4 v0x563ed9991130_0, 0, 1;
    %pushi/vec4 0, 0, 1;
    %store/vec4 v0x563ed9991360_0, 0, 1;
    %pushi/vec4 0, 0, 1;
    %store/vec4 v0x563ed9991640_0, 0, 1;
    %pushi/vec4 0, 0, 1;
    %store/vec4 v0x563ed9991400_0, 0, 1;
    %pushi/vec4 0, 0, 1;
    %store/vec4 v0x563ed9990fd0_0, 0, 1;
    %jmp T_5.10;
T_5.7 ;
    %pushi/vec4 1, 0, 1;
    %store/vec4 v0x563ed9991400_0, 0, 1;
    %pushi/vec4 0, 0, 1;
    %store/vec4 v0x563ed9991270_0, 0, 1;
    %pushi/vec4 0, 0, 1;
    %store/vec4 v0x563ed99911d0_0, 0, 1;
    %pushi/vec4 0, 0, 1;
    %store/vec4 v0x563ed9991090_0, 0, 1;
    %pushi/vec4 0, 0, 1;
    %store/vec4 v0x563ed9991570_0, 0, 1;
    %pushi/vec4 0, 0, 1;
    %store/vec4 v0x563ed9991130_0, 0, 1;
    %pushi/vec4 0, 0, 1;
    %store/vec4 v0x563ed9991360_0, 0, 1;
    %pushi/vec4 0, 0, 1;
    %store/vec4 v0x563ed9990fd0_0, 0, 1;
    %pushi/vec4 0, 0, 1;
    %store/vec4 v0x563ed9991640_0, 0, 1;
    %jmp T_5.10;
T_5.8 ;
    %pushi/vec4 1, 0, 1;
    %store/vec4 v0x563ed9990fd0_0, 0, 1;
    %pushi/vec4 0, 0, 1;
    %store/vec4 v0x563ed9991400_0, 0, 1;
    %pushi/vec4 0, 0, 1;
    %store/vec4 v0x563ed9991270_0, 0, 1;
    %pushi/vec4 0, 0, 1;
    %store/vec4 v0x563ed99911d0_0, 0, 1;
    %pushi/vec4 0, 0, 1;
    %store/vec4 v0x563ed9991090_0, 0, 1;
    %pushi/vec4 0, 0, 1;
    %store/vec4 v0x563ed9991570_0, 0, 1;
    %pushi/vec4 0, 0, 1;
    %store/vec4 v0x563ed9991130_0, 0, 1;
    %pushi/vec4 0, 0, 1;
    %store/vec4 v0x563ed9991360_0, 0, 1;
    %pushi/vec4 0, 0, 1;
    %store/vec4 v0x563ed9991640_0, 0, 1;
    %jmp T_5.10;
T_5.10 ;
    %pop/vec4 1;
    %jmp T_5;
    .thread T_5, $push;
    .scope S_0x563ed998ef00;
T_6 ;
    %wait E_0x563ed98fa950;
    %load/vec4 v0x563ed99904e0_0;
    %load/vec4 v0x563ed998fd40_0;
    %or;
    %load/vec4 v0x563ed9990060_0;
    %or;
    %load/vec4 v0x563ed998fee0_0;
    %or;
    %load/vec4 v0x563ed998ffa0_0;
    %or;
    %load/vec4 v0x563ed9990120_0;
    %or;
    %load/vec4 v0x563ed998fa20_0;
    %or;
    %store/vec4 v0x563ed9990680_0, 0, 1;
    %load/vec4 v0x563ed998fd40_0;
    %load/vec4 v0x563ed9990060_0;
    %or;
    %load/vec4 v0x563ed9990740_0;
    %or;
    %load/vec4 v0x563ed998fae0_0;
    %or;
    %load/vec4 v0x563ed998fee0_0;
    %or;
    %load/vec4 v0x563ed998ffa0_0;
    %or;
    %load/vec4 v0x563ed998fa20_0;
    %or;
    %store/vec4 v0x563ed9990420_0, 0, 1;
    %load/vec4 v0x563ed998fae0_0;
    %load/vec4 v0x563ed998fee0_0;
    %or;
    %load/vec4 v0x563ed998fa20_0;
    %or;
    %store/vec4 v0x563ed9990360_0, 0, 1;
    %load/vec4 v0x563ed9990060_0;
    %store/vec4 v0x563ed998f6d0_0, 0, 1;
    %load/vec4 v0x563ed9990740_0;
    %store/vec4 v0x563ed998f880_0, 0, 1;
    %load/vec4 v0x563ed9990060_0;
    %store/vec4 v0x563ed99902a0_0, 0, 1;
    %load/vec4 v0x563ed998fae0_0;
    %store/vec4 v0x563ed998f4d0_0, 0, 1;
    %pushi/vec4 0, 0, 1;
    %store/vec4 v0x563ed998f590_0, 0, 1;
    %pushi/vec4 0, 0, 1;
    %store/vec4 v0x563ed998f630_0, 0, 1;
    %load/vec4 v0x563ed9990120_0;
    %store/vec4 v0x563ed998f7c0_0, 0, 1;
    %load/vec4 v0x563ed998fa20_0;
    %store/vec4 v0x563ed998f3f0_0, 0, 1;
    %load/vec4 v0x563ed99904e0_0;
    %flag_set/vec4 8;
    %jmp/0xz  T_6.0, 8;
    %pushi/vec4 0, 0, 2;
    %store/vec4 v0x563ed99905a0_0, 0, 2;
    %load/vec4 v0x563ed998fba0_0;
    %pushi/vec4 0, 0, 3;
    %cmp/e;
    %flag_get/vec4 4;
    %load/vec4 v0x563ed998fc80_0;
    %pad/u 32;
    %pushi/vec4 0, 0, 32;
    %cmp/e;
    %flag_get/vec4 4;
    %and;
    %flag_set/vec4 8;
    %jmp/0xz  T_6.2, 8;
    %pushi/vec4 0, 0, 4;
    %store/vec4 v0x563ed998f940_0, 0, 4;
    %jmp T_6.3;
T_6.2 ;
    %load/vec4 v0x563ed998fba0_0;
    %pushi/vec4 0, 0, 3;
    %cmp/e;
    %flag_get/vec4 4;
    %load/vec4 v0x563ed998fc80_0;
    %pad/u 32;
    %pushi/vec4 1, 0, 32;
    %cmp/e;
    %flag_get/vec4 4;
    %and;
    %flag_set/vec4 8;
    %jmp/0xz  T_6.4, 8;
    %pushi/vec4 1, 0, 4;
    %store/vec4 v0x563ed998f940_0, 0, 4;
    %jmp T_6.5;
T_6.4 ;
    %load/vec4 v0x563ed998fba0_0;
    %pushi/vec4 1, 0, 3;
    %cmp/e;
    %flag_get/vec4 4;
    %load/vec4 v0x563ed998fc80_0;
    %pad/u 32;
    %pushi/vec4 0, 0, 32;
    %cmp/e;
    %flag_get/vec4 4;
    %and;
    %flag_set/vec4 8;
    %jmp/0xz  T_6.6, 8;
    %pushi/vec4 2, 0, 4;
    %store/vec4 v0x563ed998f940_0, 0, 4;
    %jmp T_6.7;
T_6.6 ;
    %load/vec4 v0x563ed998fba0_0;
    %pushi/vec4 2, 0, 3;
    %cmp/e;
    %flag_get/vec4 4;
    %load/vec4 v0x563ed998fc80_0;
    %pad/u 32;
    %pushi/vec4 0, 0, 32;
    %cmp/e;
    %flag_get/vec4 4;
    %and;
    %flag_set/vec4 8;
    %jmp/0xz  T_6.8, 8;
    %pushi/vec4 3, 0, 4;
    %store/vec4 v0x563ed998f940_0, 0, 4;
    %jmp T_6.9;
T_6.8 ;
    %load/vec4 v0x563ed998fba0_0;
    %pushi/vec4 3, 0, 3;
    %cmp/e;
    %flag_get/vec4 4;
    %load/vec4 v0x563ed998fc80_0;
    %pad/u 32;
    %pushi/vec4 0, 0, 32;
    %cmp/e;
    %flag_get/vec4 4;
    %and;
    %flag_set/vec4 8;
    %jmp/0xz  T_6.10, 8;
    %pushi/vec4 4, 0, 4;
    %store/vec4 v0x563ed998f940_0, 0, 4;
    %jmp T_6.11;
T_6.10 ;
    %load/vec4 v0x563ed998fba0_0;
    %pushi/vec4 4, 0, 3;
    %cmp/e;
    %flag_get/vec4 4;
    %load/vec4 v0x563ed998fc80_0;
    %pad/u 32;
    %pushi/vec4 0, 0, 32;
    %cmp/e;
    %flag_get/vec4 4;
    %and;
    %flag_set/vec4 8;
    %jmp/0xz  T_6.12, 8;
    %pushi/vec4 5, 0, 4;
    %store/vec4 v0x563ed998f940_0, 0, 4;
    %jmp T_6.13;
T_6.12 ;
    %load/vec4 v0x563ed998fba0_0;
    %pushi/vec4 5, 0, 3;
    %cmp/e;
    %flag_get/vec4 4;
    %load/vec4 v0x563ed998fc80_0;
    %pad/u 32;
    %pushi/vec4 0, 0, 32;
    %cmp/e;
    %flag_get/vec4 4;
    %and;
    %flag_set/vec4 8;
    %jmp/0xz  T_6.14, 8;
    %pushi/vec4 6, 0, 4;
    %store/vec4 v0x563ed998f940_0, 0, 4;
    %jmp T_6.15;
T_6.14 ;
    %load/vec4 v0x563ed998fba0_0;
    %pushi/vec4 5, 0, 3;
    %cmp/e;
    %flag_get/vec4 4;
    %load/vec4 v0x563ed998fc80_0;
    %pad/u 32;
    %pushi/vec4 1, 0, 32;
    %cmp/e;
    %flag_get/vec4 4;
    %and;
    %flag_set/vec4 8;
    %jmp/0xz  T_6.16, 8;
    %pushi/vec4 7, 0, 4;
    %store/vec4 v0x563ed998f940_0, 0, 4;
    %jmp T_6.17;
T_6.16 ;
    %load/vec4 v0x563ed998fba0_0;
    %pushi/vec4 6, 0, 3;
    %cmp/e;
    %flag_get/vec4 4;
    %load/vec4 v0x563ed998fc80_0;
    %pad/u 32;
    %pushi/vec4 0, 0, 32;
    %cmp/e;
    %flag_get/vec4 4;
    %and;
    %flag_set/vec4 8;
    %jmp/0xz  T_6.18, 8;
    %pushi/vec4 8, 0, 4;
    %store/vec4 v0x563ed998f940_0, 0, 4;
    %jmp T_6.19;
T_6.18 ;
    %load/vec4 v0x563ed998fba0_0;
    %pushi/vec4 7, 0, 3;
    %cmp/e;
    %flag_get/vec4 4;
    %load/vec4 v0x563ed998fc80_0;
    %pad/u 32;
    %pushi/vec4 0, 0, 32;
    %cmp/e;
    %flag_get/vec4 4;
    %and;
    %flag_set/vec4 8;
    %jmp/0xz  T_6.20, 8;
    %pushi/vec4 9, 0, 4;
    %store/vec4 v0x563ed998f940_0, 0, 4;
T_6.20 ;
T_6.19 ;
T_6.17 ;
T_6.15 ;
T_6.13 ;
T_6.11 ;
T_6.9 ;
T_6.7 ;
T_6.5 ;
T_6.3 ;
    %jmp T_6.1;
T_6.0 ;
    %load/vec4 v0x563ed998fd40_0;
    %flag_set/vec4 8;
    %jmp/0xz  T_6.22, 8;
    %pushi/vec4 0, 0, 2;
    %store/vec4 v0x563ed99905a0_0, 0, 2;
    %pushi/vec4 1, 0, 3;
    %store/vec4 v0x563ed998fe00_0, 0, 3;
    %load/vec4 v0x563ed998fba0_0;
    %pushi/vec4 0, 0, 3;
    %cmp/e;
    %flag_get/vec4 4;
    %load/vec4 v0x563ed998fc80_0;
    %pad/u 32;
    %pushi/vec4 0, 0, 32;
    %cmp/e;
    %flag_get/vec4 4;
    %and;
    %flag_set/vec4 8;
    %jmp/0xz  T_6.24, 8;
    %pushi/vec4 0, 0, 4;
    %store/vec4 v0x563ed998f940_0, 0, 4;
    %jmp T_6.25;
T_6.24 ;
    %load/vec4 v0x563ed998fba0_0;
    %pushi/vec4 1, 0, 3;
    %cmp/e;
    %flag_get/vec4 4;
    %load/vec4 v0x563ed998fc80_0;
    %pad/u 32;
    %pushi/vec4 0, 0, 32;
    %cmp/e;
    %flag_get/vec4 4;
    %and;
    %flag_set/vec4 8;
    %jmp/0xz  T_6.26, 8;
    %pushi/vec4 2, 0, 4;
    %store/vec4 v0x563ed998f940_0, 0, 4;
    %jmp T_6.27;
T_6.26 ;
    %load/vec4 v0x563ed998fba0_0;
    %pushi/vec4 2, 0, 3;
    %cmp/e;
    %flag_get/vec4 4;
    %load/vec4 v0x563ed998fc80_0;
    %pad/u 32;
    %pushi/vec4 0, 0, 32;
    %cmp/e;
    %flag_get/vec4 4;
    %and;
    %flag_set/vec4 8;
    %jmp/0xz  T_6.28, 8;
    %pushi/vec4 3, 0, 4;
    %store/vec4 v0x563ed998f940_0, 0, 4;
    %jmp T_6.29;
T_6.28 ;
    %load/vec4 v0x563ed998fba0_0;
    %pushi/vec4 3, 0, 3;
    %cmp/e;
    %flag_get/vec4 4;
    %load/vec4 v0x563ed998fc80_0;
    %pad/u 32;
    %pushi/vec4 0, 0, 32;
    %cmp/e;
    %flag_get/vec4 4;
    %and;
    %flag_set/vec4 8;
    %jmp/0xz  T_6.30, 8;
    %pushi/vec4 4, 0, 4;
    %store/vec4 v0x563ed998f940_0, 0, 4;
    %jmp T_6.31;
T_6.30 ;
    %load/vec4 v0x563ed998fba0_0;
    %pushi/vec4 4, 0, 3;
    %cmp/e;
    %flag_get/vec4 4;
    %load/vec4 v0x563ed998fc80_0;
    %pad/u 32;
    %pushi/vec4 0, 0, 32;
    %cmp/e;
    %flag_get/vec4 4;
    %and;
    %flag_set/vec4 8;
    %jmp/0xz  T_6.32, 8;
    %pushi/vec4 5, 0, 4;
    %store/vec4 v0x563ed998f940_0, 0, 4;
    %jmp T_6.33;
T_6.32 ;
    %load/vec4 v0x563ed998fba0_0;
    %pushi/vec4 5, 0, 3;
    %cmp/e;
    %flag_get/vec4 4;
    %load/vec4 v0x563ed998fc80_0;
    %pad/u 32;
    %pushi/vec4 0, 0, 32;
    %cmp/e;
    %flag_get/vec4 4;
    %and;
    %flag_set/vec4 8;
    %jmp/0xz  T_6.34, 8;
    %pushi/vec4 6, 0, 4;
    %store/vec4 v0x563ed998f940_0, 0, 4;
    %jmp T_6.35;
T_6.34 ;
    %load/vec4 v0x563ed998fba0_0;
    %pushi/vec4 5, 0, 3;
    %cmp/e;
    %flag_get/vec4 4;
    %load/vec4 v0x563ed998fc80_0;
    %pad/u 32;
    %pushi/vec4 1, 0, 32;
    %cmp/e;
    %flag_get/vec4 4;
    %and;
    %flag_set/vec4 8;
    %jmp/0xz  T_6.36, 8;
    %pushi/vec4 7, 0, 4;
    %store/vec4 v0x563ed998f940_0, 0, 4;
    %jmp T_6.37;
T_6.36 ;
    %load/vec4 v0x563ed998fba0_0;
    %pushi/vec4 6, 0, 3;
    %cmp/e;
    %flag_get/vec4 4;
    %load/vec4 v0x563ed998fc80_0;
    %pad/u 32;
    %pushi/vec4 0, 0, 32;
    %cmp/e;
    %flag_get/vec4 4;
    %and;
    %flag_set/vec4 8;
    %jmp/0xz  T_6.38, 8;
    %pushi/vec4 8, 0, 4;
    %store/vec4 v0x563ed998f940_0, 0, 4;
    %jmp T_6.39;
T_6.38 ;
    %load/vec4 v0x563ed998fba0_0;
    %pushi/vec4 7, 0, 3;
    %cmp/e;
    %flag_get/vec4 4;
    %load/vec4 v0x563ed998fc80_0;
    %pad/u 32;
    %pushi/vec4 0, 0, 32;
    %cmp/e;
    %flag_get/vec4 4;
    %and;
    %flag_set/vec4 8;
    %jmp/0xz  T_6.40, 8;
    %pushi/vec4 9, 0, 4;
    %store/vec4 v0x563ed998f940_0, 0, 4;
T_6.40 ;
T_6.39 ;
T_6.37 ;
T_6.35 ;
T_6.33 ;
T_6.31 ;
T_6.29 ;
T_6.27 ;
T_6.25 ;
    %jmp T_6.23;
T_6.22 ;
    %load/vec4 v0x563ed9990740_0;
    %flag_set/vec4 8;
    %jmp/0xz  T_6.42, 8;
    %pushi/vec4 0, 0, 3;
    %store/vec4 v0x563ed998fe00_0, 0, 3;
    %pushi/vec4 1, 0, 1;
    %store/vec4 v0x563ed99901e0_0, 0, 1;
    %load/vec4 v0x563ed998fba0_0;
    %cmpi/e 0, 0, 3;
    %jmp/0xz  T_6.44, 4;
    %pushi/vec4 0, 0, 4;
    %store/vec4 v0x563ed998f940_0, 0, 4;
    %jmp T_6.45;
T_6.44 ;
    %load/vec4 v0x563ed998fba0_0;
    %cmpi/e 1, 0, 3;
    %jmp/0xz  T_6.46, 4;
    %pushi/vec4 0, 0, 4;
    %store/vec4 v0x563ed998f940_0, 0, 4;
    %jmp T_6.47;
T_6.46 ;
    %load/vec4 v0x563ed998fba0_0;
    %cmpi/e 2, 0, 3;
    %jmp/0xz  T_6.48, 4;
    %pushi/vec4 0, 0, 4;
    %store/vec4 v0x563ed998f940_0, 0, 4;
T_6.48 ;
T_6.47 ;
T_6.45 ;
    %jmp T_6.43;
T_6.42 ;
    %load/vec4 v0x563ed9990060_0;
    %flag_set/vec4 8;
    %jmp/0xz  T_6.50, 8;
    %pushi/vec4 1, 0, 2;
    %store/vec4 v0x563ed99905a0_0, 0, 2;
    %pushi/vec4 1, 0, 3;
    %store/vec4 v0x563ed998fe00_0, 0, 3;
    %load/vec4 v0x563ed998fba0_0;
    %cmpi/e 0, 0, 3;
    %jmp/0xz  T_6.52, 4;
    %pushi/vec4 0, 0, 4;
    %store/vec4 v0x563ed998f940_0, 0, 4;
    %jmp T_6.53;
T_6.52 ;
    %load/vec4 v0x563ed998fba0_0;
    %cmpi/e 1, 0, 3;
    %jmp/0xz  T_6.54, 4;
    %pushi/vec4 0, 0, 4;
    %store/vec4 v0x563ed998f940_0, 0, 4;
    %jmp T_6.55;
T_6.54 ;
    %load/vec4 v0x563ed998fba0_0;
    %cmpi/e 2, 0, 3;
    %jmp/0xz  T_6.56, 4;
    %pushi/vec4 0, 0, 4;
    %store/vec4 v0x563ed998f940_0, 0, 4;
    %jmp T_6.57;
T_6.56 ;
    %load/vec4 v0x563ed998fba0_0;
    %cmpi/e 4, 0, 3;
    %jmp/0xz  T_6.58, 4;
    %pushi/vec4 0, 0, 4;
    %store/vec4 v0x563ed998f940_0, 0, 4;
    %jmp T_6.59;
T_6.58 ;
    %load/vec4 v0x563ed998fba0_0;
    %cmpi/e 5, 0, 3;
    %jmp/0xz  T_6.60, 4;
    %pushi/vec4 0, 0, 4;
    %store/vec4 v0x563ed998f940_0, 0, 4;
    %jmp T_6.61;
T_6.60 ;
    %load/vec4 v0x563ed998fba0_0;
    %cmpi/e 6, 0, 3;
    %jmp/0xz  T_6.62, 4;
    %pushi/vec4 0, 0, 4;
    %store/vec4 v0x563ed998f940_0, 0, 4;
T_6.62 ;
T_6.61 ;
T_6.59 ;
T_6.57 ;
T_6.55 ;
T_6.53 ;
    %jmp T_6.51;
T_6.50 ;
    %load/vec4 v0x563ed998fae0_0;
    %flag_set/vec4 8;
    %jmp/0xz  T_6.64, 8;
    %pushi/vec4 0, 0, 4;
    %store/vec4 v0x563ed998f940_0, 0, 4;
    %pushi/vec4 2, 0, 3;
    %store/vec4 v0x563ed998fe00_0, 0, 3;
    %jmp T_6.65;
T_6.64 ;
    %load/vec4 v0x563ed998fee0_0;
    %flag_set/vec4 8;
    %jmp/0xz  T_6.66, 8;
    %pushi/vec4 2, 0, 2;
    %store/vec4 v0x563ed99905a0_0, 0, 2;
    %load/vec4 v0x563ed998fee0_0;
    %store/vec4 v0x563ed998f590_0, 0, 1;
    %pushi/vec4 0, 0, 4;
    %store/vec4 v0x563ed998f940_0, 0, 4;
    %pushi/vec4 3, 0, 3;
    %store/vec4 v0x563ed998fe00_0, 0, 3;
    %jmp T_6.67;
T_6.66 ;
    %load/vec4 v0x563ed998ffa0_0;
    %flag_set/vec4 8;
    %jmp/0xz  T_6.68, 8;
    %load/vec4 v0x563ed998ffa0_0;
    %store/vec4 v0x563ed998f630_0, 0, 1;
    %pushi/vec4 2, 0, 2;
    %store/vec4 v0x563ed99905a0_0, 0, 2;
    %pushi/vec4 0, 0, 4;
    %store/vec4 v0x563ed998f940_0, 0, 4;
    %pushi/vec4 1, 0, 3;
    %store/vec4 v0x563ed998fe00_0, 0, 3;
    %jmp T_6.69;
T_6.68 ;
    %load/vec4 v0x563ed9990120_0;
    %flag_set/vec4 8;
    %jmp/0xz  T_6.70, 8;
    %pushi/vec4 3, 0, 2;
    %store/vec4 v0x563ed99905a0_0, 0, 2;
    %pushi/vec4 4, 0, 3;
    %store/vec4 v0x563ed998fe00_0, 0, 3;
    %jmp T_6.71;
T_6.70 ;
    %load/vec4 v0x563ed998fa20_0;
    %flag_set/vec4 8;
    %jmp/0xz  T_6.72, 8;
    %pushi/vec4 0, 0, 2;
    %store/vec4 v0x563ed99905a0_0, 0, 2;
    %pushi/vec4 0, 0, 4;
    %store/vec4 v0x563ed998f940_0, 0, 4;
    %pushi/vec4 4, 0, 3;
    %store/vec4 v0x563ed998fe00_0, 0, 3;
T_6.72 ;
T_6.71 ;
T_6.69 ;
T_6.67 ;
T_6.65 ;
T_6.51 ;
T_6.43 ;
T_6.23 ;
T_6.1 ;
    %jmp T_6;
    .thread T_6, $push;
    .scope S_0x563ed9995640;
T_7 ;
    %wait E_0x563ed997f880;
    %load/vec4 v0x563ed99973f0_0;
    %nor/r;
    %flag_set/vec4 8;
    %jmp/0xz  T_7.0, 8;
    %pushi/vec4 0, 0, 32;
    %store/vec4 v0x563ed9996d90_0, 0, 32;
T_7.2 ;
    %load/vec4 v0x563ed9996d90_0;
    %cmpi/s 32, 0, 32;
    %jmp/0xz T_7.3, 5;
    %pushi/vec4 0, 0, 32;
    %load/vec4 v0x563ed9996d90_0;
    %subi 1, 0, 32;
    %ix/vec4/s 3;
    %ix/load 4, 0, 0; Constant delay
    %assign/vec4/a/d v0x563ed9997170, 0, 4;
    ; show_stmt_assign_vector: Get l-value for compressed += operand
    %load/vec4 v0x563ed9996d90_0;
    %pushi/vec4 1, 0, 32;
    %add;
    %store/vec4 v0x563ed9996d90_0, 0, 32;
    %jmp T_7.2;
T_7.3 ;
    %jmp T_7.1;
T_7.0 ;
    %load/vec4 v0x563ed9996cf0_0;
    %flag_set/vec4 8;
    %jmp/0xz  T_7.4, 8;
    %load/vec4 v0x563ed9996c10_0;
    %load/vec4 v0x563ed9997090_0;
    %pad/u 7;
    %subi 1, 0, 7;
    %ix/vec4 3;
    %ix/load 4, 0, 0; Constant delay
    %assign/vec4/a/d v0x563ed9997170, 0, 4;
T_7.4 ;
T_7.1 ;
    %jmp T_7;
    .thread T_7;
    .scope S_0x563ed9897180;
T_8 ;
    %wait E_0x563ed98f9000;
    %load/vec4 v0x563ed9947a30_0;
    %pad/u 32;
    %cmpi/e 1, 0, 32;
    %jmp/0xz  T_8.0, 4;
    %load/vec4 v0x563ed9948d00_0;
    %dup/vec4;
    %pushi/vec4 0, 0, 3;
    %cmp/u;
    %jmp/1 T_8.2, 6;
    %dup/vec4;
    %pushi/vec4 1, 0, 3;
    %cmp/u;
    %jmp/1 T_8.3, 6;
    %dup/vec4;
    %pushi/vec4 4, 0, 3;
    %cmp/u;
    %jmp/1 T_8.4, 6;
    %dup/vec4;
    %pushi/vec4 5, 0, 3;
    %cmp/u;
    %jmp/1 T_8.5, 6;
    %dup/vec4;
    %pushi/vec4 6, 0, 3;
    %cmp/u;
    %jmp/1 T_8.6, 6;
    %dup/vec4;
    %pushi/vec4 7, 0, 3;
    %cmp/u;
    %jmp/1 T_8.7, 6;
    %jmp T_8.8;
T_8.2 ;
    %load/vec4 v0x563ed9948e00_0;
    %load/vec4 v0x563ed9862350_0;
    %cmp/e;
    %flag_mov 8, 4;
    %jmp/0 T_8.9, 8;
    %pushi/vec4 1, 0, 2;
    %jmp/1 T_8.10, 8;
T_8.9 ; End of true expr.
    %pushi/vec4 0, 0, 2;
    %jmp/0 T_8.10, 8;
 ; End of false expr.
    %blend;
T_8.10;
    %pad/s 1;
    %store/vec4 v0x563ed998e8f0_0, 0, 1;
    %jmp T_8.8;
T_8.3 ;
    %load/vec4 v0x563ed9948e00_0;
    %load/vec4 v0x563ed9862350_0;
    %cmp/ne;
    %flag_mov 8, 4;
    %jmp/0 T_8.11, 8;
    %pushi/vec4 1, 0, 2;
    %jmp/1 T_8.12, 8;
T_8.11 ; End of true expr.
    %pushi/vec4 0, 0, 2;
    %jmp/0 T_8.12, 8;
 ; End of false expr.
    %blend;
T_8.12;
    %pad/s 1;
    %store/vec4 v0x563ed998e8f0_0, 0, 1;
    %jmp T_8.8;
T_8.4 ;
    %load/vec4 v0x563ed9948e00_0;
    %load/vec4 v0x563ed9862350_0;
    %cmp/s;
    %flag_mov 8, 5;
    %jmp/0 T_8.13, 8;
    %pushi/vec4 1, 0, 2;
    %jmp/1 T_8.14, 8;
T_8.13 ; End of true expr.
    %pushi/vec4 0, 0, 2;
    %jmp/0 T_8.14, 8;
 ; End of false expr.
    %blend;
T_8.14;
    %pad/s 1;
    %store/vec4 v0x563ed998e8f0_0, 0, 1;
    %jmp T_8.8;
T_8.5 ;
    %load/vec4 v0x563ed9862350_0;
    %load/vec4 v0x563ed9948e00_0;
    %cmp/s;
    %flag_or 5, 4;
    %flag_mov 8, 5;
    %jmp/0 T_8.15, 8;
    %pushi/vec4 1, 0, 2;
    %jmp/1 T_8.16, 8;
T_8.15 ; End of true expr.
    %pushi/vec4 0, 0, 2;
    %jmp/0 T_8.16, 8;
 ; End of false expr.
    %blend;
T_8.16;
    %pad/s 1;
    %store/vec4 v0x563ed998e8f0_0, 0, 1;
    %jmp T_8.8;
T_8.6 ;
    %load/vec4 v0x563ed9948e00_0;
    %load/vec4 v0x563ed9862350_0;
    %cmp/u;
    %flag_mov 8, 5;
    %jmp/0 T_8.17, 8;
    %pushi/vec4 1, 0, 2;
    %jmp/1 T_8.18, 8;
T_8.17 ; End of true expr.
    %pushi/vec4 0, 0, 2;
    %jmp/0 T_8.18, 8;
 ; End of false expr.
    %blend;
T_8.18;
    %pad/s 1;
    %store/vec4 v0x563ed998e8f0_0, 0, 1;
    %jmp T_8.8;
T_8.7 ;
    %load/vec4 v0x563ed9862350_0;
    %load/vec4 v0x563ed9948e00_0;
    %cmp/u;
    %flag_or 5, 4;
    %flag_mov 8, 5;
    %jmp/0 T_8.19, 8;
    %pushi/vec4 1, 0, 2;
    %jmp/1 T_8.20, 8;
T_8.19 ; End of true expr.
    %pushi/vec4 0, 0, 2;
    %jmp/0 T_8.20, 8;
 ; End of false expr.
    %blend;
T_8.20;
    %pad/s 1;
    %store/vec4 v0x563ed998e8f0_0, 0, 1;
    %jmp T_8.8;
T_8.8 ;
    %pop/vec4 1;
    %jmp T_8.1;
T_8.0 ;
    %pushi/vec4 0, 0, 1;
    %store/vec4 v0x563ed998e8f0_0, 0, 1;
T_8.1 ;
    %jmp T_8;
    .thread T_8, $push;
    .scope S_0x563ed9999960;
T_9 ;
    %wait E_0x563ed9999bb0;
    %load/vec4 v0x563ed9999e70_0;
    %cmpi/e 0, 0, 4;
    %jmp/0xz  T_9.0, 4;
    %load/vec4 v0x563ed9999c30_0;
    %load/vec4 v0x563ed9999d60_0;
    %add;
    %store/vec4 v0x563ed9999f10_0, 0, 32;
    %jmp T_9.1;
T_9.0 ;
    %load/vec4 v0x563ed9999e70_0;
    %cmpi/e 1, 0, 4;
    %jmp/0xz  T_9.2, 4;
    %load/vec4 v0x563ed9999c30_0;
    %load/vec4 v0x563ed9999d60_0;
    %sub;
    %store/vec4 v0x563ed9999f10_0, 0, 32;
    %jmp T_9.3;
T_9.2 ;
    %load/vec4 v0x563ed9999e70_0;
    %cmpi/e 2, 0, 4;
    %jmp/0xz  T_9.4, 4;
    %load/vec4 v0x563ed9999c30_0;
    %ix/getv 4, v0x563ed9999d60_0;
    %shiftl 4;
    %store/vec4 v0x563ed9999f10_0, 0, 32;
    %jmp T_9.5;
T_9.4 ;
    %load/vec4 v0x563ed9999e70_0;
    %cmpi/e 3, 0, 4;
    %jmp/0xz  T_9.6, 4;
    %load/vec4 v0x563ed9999c30_0;
    %load/vec4 v0x563ed9999d60_0;
    %cmp/s;
    %flag_mov 8, 5;
    %jmp/0 T_9.8, 8;
    %pushi/vec4 1, 0, 32;
    %jmp/1 T_9.9, 8;
T_9.8 ; End of true expr.
    %pushi/vec4 0, 0, 32;
    %jmp/0 T_9.9, 8;
 ; End of false expr.
    %blend;
T_9.9;
    %store/vec4 v0x563ed9999f10_0, 0, 32;
    %jmp T_9.7;
T_9.6 ;
    %load/vec4 v0x563ed9999e70_0;
    %cmpi/e 4, 0, 4;
    %jmp/0xz  T_9.10, 4;
    %load/vec4 v0x563ed9999c30_0;
    %load/vec4 v0x563ed9999d60_0;
    %cmp/u;
    %flag_mov 8, 5;
    %jmp/0 T_9.12, 8;
    %pushi/vec4 1, 0, 32;
    %jmp/1 T_9.13, 8;
T_9.12 ; End of true expr.
    %pushi/vec4 0, 0, 32;
    %jmp/0 T_9.13, 8;
 ; End of false expr.
    %blend;
T_9.13;
    %store/vec4 v0x563ed9999f10_0, 0, 32;
    %jmp T_9.11;
T_9.10 ;
    %load/vec4 v0x563ed9999e70_0;
    %cmpi/e 5, 0, 4;
    %jmp/0xz  T_9.14, 4;
    %load/vec4 v0x563ed9999c30_0;
    %load/vec4 v0x563ed9999d60_0;
    %xor;
    %store/vec4 v0x563ed9999f10_0, 0, 32;
    %jmp T_9.15;
T_9.14 ;
    %load/vec4 v0x563ed9999e70_0;
    %cmpi/e 6, 0, 4;
    %jmp/0xz  T_9.16, 4;
    %load/vec4 v0x563ed9999c30_0;
    %ix/getv 4, v0x563ed9999d60_0;
    %shiftr 4;
    %store/vec4 v0x563ed9999f10_0, 0, 32;
    %jmp T_9.17;
T_9.16 ;
    %load/vec4 v0x563ed9999e70_0;
    %cmpi/e 7, 0, 4;
    %jmp/0xz  T_9.18, 4;
    %load/vec4 v0x563ed9999c30_0;
    %ix/getv 4, v0x563ed9999d60_0;
    %shiftr 4;
    %store/vec4 v0x563ed9999f10_0, 0, 32;
    %jmp T_9.19;
T_9.18 ;
    %load/vec4 v0x563ed9999e70_0;
    %cmpi/e 8, 0, 4;
    %jmp/0xz  T_9.20, 4;
    %load/vec4 v0x563ed9999c30_0;
    %load/vec4 v0x563ed9999d60_0;
    %or;
    %store/vec4 v0x563ed9999f10_0, 0, 32;
    %jmp T_9.21;
T_9.20 ;
    %load/vec4 v0x563ed9999e70_0;
    %cmpi/e 9, 0, 4;
    %jmp/0xz  T_9.22, 4;
    %load/vec4 v0x563ed9999c30_0;
    %load/vec4 v0x563ed9999d60_0;
    %and;
    %store/vec4 v0x563ed9999f10_0, 0, 32;
    %jmp T_9.23;
T_9.22 ;
    %pushi/vec4 0, 0, 32;
    %store/vec4 v0x563ed9999f10_0, 0, 32;
T_9.23 ;
T_9.21 ;
T_9.19 ;
T_9.17 ;
T_9.15 ;
T_9.11 ;
T_9.7 ;
T_9.5 ;
T_9.3 ;
T_9.1 ;
    %jmp T_9;
    .thread T_9, $push;
    .scope S_0x563ed999c730;
T_10 ;
    %wait E_0x563ed999c9c0;
    %load/vec4 v0x563ed999cf70_0;
    %flag_set/vec4 8;
    %jmp/0xz  T_10.0, 8;
    %pushi/vec4 0, 0, 4;
    %store/vec4 v0x563ed999ce90_0, 0, 4;
    %load/vec4 v0x563ed999cd60_0;
    %cmpi/e 0, 0, 3;
    %jmp/0xz  T_10.2, 4;
    %load/vec4 v0x563ed999cb20_0;
    %pad/u 4;
    %dup/vec4;
    %pushi/vec4 0, 0, 4;
    %cmp/u;
    %jmp/1 T_10.4, 6;
    %dup/vec4;
    %pushi/vec4 1, 0, 4;
    %cmp/u;
    %jmp/1 T_10.5, 6;
    %dup/vec4;
    %pushi/vec4 10, 0, 4;
    %cmp/u;
    %jmp/1 T_10.6, 6;
    %dup/vec4;
    %pushi/vec4 11, 0, 4;
    %cmp/u;
    %jmp/1 T_10.7, 6;
    %jmp T_10.8;
T_10.4 ;
    %pushi/vec4 1, 0, 4;
    %store/vec4 v0x563ed999ce90_0, 0, 4;
    %load/vec4 v0x563ed999cc00_0;
    %store/vec4 v0x563ed999cca0_0, 0, 32;
    %jmp T_10.8;
T_10.5 ;
    %pushi/vec4 2, 0, 4;
    %store/vec4 v0x563ed999ce90_0, 0, 4;
    %load/vec4 v0x563ed999cc00_0;
    %parti/s 16, 16, 6;
    %load/vec4 v0x563ed999cc00_0;
    %parti/s 8, 0, 2;
    %concat/vec4; draw_concat_vec4
    %load/vec4 v0x563ed999cc00_0;
    %parti/s 8, 0, 2;
    %concat/vec4; draw_concat_vec4
    %store/vec4 v0x563ed999cca0_0, 0, 32;
    %jmp T_10.8;
T_10.6 ;
    %pushi/vec4 4, 0, 4;
    %store/vec4 v0x563ed999ce90_0, 0, 4;
    %load/vec4 v0x563ed999cc00_0;
    %parti/s 8, 24, 6;
    %load/vec4 v0x563ed999cc00_0;
    %parti/s 8, 0, 2;
    %concat/vec4; draw_concat_vec4
    %load/vec4 v0x563ed999cc00_0;
    %parti/s 16, 0, 2;
    %concat/vec4; draw_concat_vec4
    %store/vec4 v0x563ed999cca0_0, 0, 32;
    %jmp T_10.8;
T_10.7 ;
    %pushi/vec4 8, 0, 4;
    %store/vec4 v0x563ed999ce90_0, 0, 4;
    %load/vec4 v0x563ed999cc00_0;
    %parti/s 8, 0, 2;
    %load/vec4 v0x563ed999cc00_0;
    %parti/s 24, 0, 2;
    %concat/vec4; draw_concat_vec4
    %store/vec4 v0x563ed999cca0_0, 0, 32;
    %jmp T_10.8;
T_10.8 ;
    %pop/vec4 1;
T_10.2 ;
    %load/vec4 v0x563ed999cd60_0;
    %cmpi/e 1, 0, 3;
    %jmp/0xz  T_10.9, 4;
    %load/vec4 v0x563ed999cb20_0;
    %pad/u 4;
    %dup/vec4;
    %pushi/vec4 0, 0, 4;
    %cmp/u;
    %jmp/1 T_10.11, 6;
    %dup/vec4;
    %pushi/vec4 1, 0, 4;
    %cmp/u;
    %jmp/1 T_10.12, 6;
    %dup/vec4;
    %pushi/vec4 10, 0, 4;
    %cmp/u;
    %jmp/1 T_10.13, 6;
    %jmp T_10.14;
T_10.11 ;
    %pushi/vec4 3, 0, 4;
    %store/vec4 v0x563ed999ce90_0, 0, 4;
    %load/vec4 v0x563ed999cc00_0;
    %store/vec4 v0x563ed999cca0_0, 0, 32;
    %jmp T_10.14;
T_10.12 ;
    %pushi/vec4 6, 0, 4;
    %store/vec4 v0x563ed999ce90_0, 0, 4;
    %load/vec4 v0x563ed999cc00_0;
    %parti/s 8, 24, 6;
    %load/vec4 v0x563ed999cc00_0;
    %parti/s 16, 0, 2;
    %concat/vec4; draw_concat_vec4
    %load/vec4 v0x563ed999cc00_0;
    %parti/s 8, 0, 2;
    %concat/vec4; draw_concat_vec4
    %store/vec4 v0x563ed999cca0_0, 0, 32;
    %jmp T_10.14;
T_10.13 ;
    %pushi/vec4 12, 0, 4;
    %store/vec4 v0x563ed999ce90_0, 0, 4;
    %load/vec4 v0x563ed999cc00_0;
    %parti/s 16, 0, 2;
    %load/vec4 v0x563ed999cc00_0;
    %parti/s 16, 0, 2;
    %concat/vec4; draw_concat_vec4
    %store/vec4 v0x563ed999cca0_0, 0, 32;
    %jmp T_10.14;
T_10.14 ;
    %pop/vec4 1;
T_10.9 ;
    %load/vec4 v0x563ed999cd60_0;
    %cmpi/e 2, 0, 3;
    %jmp/0xz  T_10.15, 4;
    %pushi/vec4 15, 0, 4;
    %store/vec4 v0x563ed999ce90_0, 0, 4;
    %load/vec4 v0x563ed999cc00_0;
    %store/vec4 v0x563ed999cca0_0, 0, 32;
T_10.15 ;
T_10.0 ;
    %load/vec4 v0x563ed999ca60_0;
    %flag_set/vec4 8;
    %jmp/0xz  T_10.17, 8;
    %load/vec4 v0x563ed999cd60_0;
    %cmpi/e 0, 0, 3;
    %jmp/0xz  T_10.19, 4;
    %load/vec4 v0x563ed999cb20_0;
    %pad/u 4;
    %dup/vec4;
    %pushi/vec4 0, 0, 4;
    %cmp/u;
    %jmp/1 T_10.21, 6;
    %dup/vec4;
    %pushi/vec4 1, 0, 4;
    %cmp/u;
    %jmp/1 T_10.22, 6;
    %dup/vec4;
    %pushi/vec4 10, 0, 4;
    %cmp/u;
    %jmp/1 T_10.23, 6;
    %dup/vec4;
    %pushi/vec4 11, 0, 4;
    %cmp/u;
    %jmp/1 T_10.24, 6;
    %jmp T_10.25;
T_10.21 ;
    %load/vec4 v0x563ed999d010_0;
    %parti/s 1, 7, 4;
    %replicate 24;
    %load/vec4 v0x563ed999d010_0;
    %parti/s 8, 0, 2;
    %concat/vec4; draw_concat_vec4
    %store/vec4 v0x563ed999d0f0_0, 0, 32;
    %jmp T_10.25;
T_10.22 ;
    %load/vec4 v0x563ed999d010_0;
    %parti/s 1, 15, 5;
    %replicate 24;
    %load/vec4 v0x563ed999d010_0;
    %parti/s 8, 8, 5;
    %concat/vec4; draw_concat_vec4
    %store/vec4 v0x563ed999d0f0_0, 0, 32;
    %jmp T_10.25;
T_10.23 ;
    %load/vec4 v0x563ed999d010_0;
    %parti/s 1, 23, 6;
    %replicate 24;
    %load/vec4 v0x563ed999d010_0;
    %parti/s 8, 16, 6;
    %concat/vec4; draw_concat_vec4
    %store/vec4 v0x563ed999d0f0_0, 0, 32;
    %jmp T_10.25;
T_10.24 ;
    %load/vec4 v0x563ed999d010_0;
    %parti/s 1, 31, 6;
    %replicate 24;
    %load/vec4 v0x563ed999d010_0;
    %parti/s 8, 24, 6;
    %concat/vec4; draw_concat_vec4
    %store/vec4 v0x563ed999d0f0_0, 0, 32;
    %jmp T_10.25;
T_10.25 ;
    %pop/vec4 1;
T_10.19 ;
    %load/vec4 v0x563ed999cd60_0;
    %cmpi/e 1, 0, 3;
    %jmp/0xz  T_10.26, 4;
    %load/vec4 v0x563ed999cb20_0;
    %pad/u 4;
    %dup/vec4;
    %pushi/vec4 0, 0, 4;
    %cmp/u;
    %jmp/1 T_10.28, 6;
    %dup/vec4;
    %pushi/vec4 1, 0, 4;
    %cmp/u;
    %jmp/1 T_10.29, 6;
    %dup/vec4;
    %pushi/vec4 10, 0, 4;
    %cmp/u;
    %jmp/1 T_10.30, 6;
    %jmp T_10.31;
T_10.28 ;
    %load/vec4 v0x563ed999d010_0;
    %parti/s 1, 15, 5;
    %replicate 16;
    %load/vec4 v0x563ed999d010_0;
    %parti/s 16, 0, 2;
    %concat/vec4; draw_concat_vec4
    %store/vec4 v0x563ed999d0f0_0, 0, 32;
    %jmp T_10.31;
T_10.29 ;
    %load/vec4 v0x563ed999d010_0;
    %parti/s 1, 23, 6;
    %replicate 16;
    %load/vec4 v0x563ed999d010_0;
    %parti/s 16, 8, 5;
    %concat/vec4; draw_concat_vec4
    %store/vec4 v0x563ed999d0f0_0, 0, 32;
    %jmp T_10.31;
T_10.30 ;
    %load/vec4 v0x563ed999d010_0;
    %parti/s 1, 31, 6;
    %replicate 16;
    %load/vec4 v0x563ed999d010_0;
    %parti/s 16, 16, 6;
    %concat/vec4; draw_concat_vec4
    %store/vec4 v0x563ed999d0f0_0, 0, 32;
    %jmp T_10.31;
T_10.31 ;
    %pop/vec4 1;
T_10.26 ;
    %load/vec4 v0x563ed999cd60_0;
    %cmpi/e 2, 0, 3;
    %jmp/0xz  T_10.32, 4;
    %load/vec4 v0x563ed999d010_0;
    %store/vec4 v0x563ed999d0f0_0, 0, 32;
T_10.32 ;
    %load/vec4 v0x563ed999cd60_0;
    %cmpi/e 4, 0, 3;
    %jmp/0xz  T_10.34, 4;
    %load/vec4 v0x563ed999cb20_0;
    %pad/u 4;
    %dup/vec4;
    %pushi/vec4 0, 0, 4;
    %cmp/u;
    %jmp/1 T_10.36, 6;
    %dup/vec4;
    %pushi/vec4 1, 0, 4;
    %cmp/u;
    %jmp/1 T_10.37, 6;
    %dup/vec4;
    %pushi/vec4 10, 0, 4;
    %cmp/u;
    %jmp/1 T_10.38, 6;
    %dup/vec4;
    %pushi/vec4 11, 0, 4;
    %cmp/u;
    %jmp/1 T_10.39, 6;
    %jmp T_10.40;
T_10.36 ;
    %pushi/vec4 0, 0, 24;
    %load/vec4 v0x563ed999d010_0;
    %parti/s 8, 0, 2;
    %concat/vec4; draw_concat_vec4
    %store/vec4 v0x563ed999d0f0_0, 0, 32;
    %jmp T_10.40;
T_10.37 ;
    %pushi/vec4 0, 0, 24;
    %load/vec4 v0x563ed999d010_0;
    %parti/s 8, 8, 5;
    %concat/vec4; draw_concat_vec4
    %store/vec4 v0x563ed999d0f0_0, 0, 32;
    %jmp T_10.40;
T_10.38 ;
    %pushi/vec4 0, 0, 24;
    %load/vec4 v0x563ed999d010_0;
    %parti/s 8, 16, 6;
    %concat/vec4; draw_concat_vec4
    %store/vec4 v0x563ed999d0f0_0, 0, 32;
    %jmp T_10.40;
T_10.39 ;
    %pushi/vec4 0, 0, 24;
    %load/vec4 v0x563ed999d010_0;
    %parti/s 8, 24, 6;
    %concat/vec4; draw_concat_vec4
    %store/vec4 v0x563ed999d0f0_0, 0, 32;
    %jmp T_10.40;
T_10.40 ;
    %pop/vec4 1;
T_10.34 ;
    %load/vec4 v0x563ed999cd60_0;
    %cmpi/e 5, 0, 3;
    %jmp/0xz  T_10.41, 4;
    %load/vec4 v0x563ed999cb20_0;
    %pad/u 4;
    %dup/vec4;
    %pushi/vec4 0, 0, 4;
    %cmp/u;
    %jmp/1 T_10.43, 6;
    %dup/vec4;
    %pushi/vec4 1, 0, 4;
    %cmp/u;
    %jmp/1 T_10.44, 6;
    %dup/vec4;
    %pushi/vec4 10, 0, 4;
    %cmp/u;
    %jmp/1 T_10.45, 6;
    %jmp T_10.46;
T_10.43 ;
    %pushi/vec4 0, 0, 16;
    %load/vec4 v0x563ed999d010_0;
    %parti/s 16, 0, 2;
    %concat/vec4; draw_concat_vec4
    %store/vec4 v0x563ed999d0f0_0, 0, 32;
    %jmp T_10.46;
T_10.44 ;
    %pushi/vec4 0, 0, 16;
    %load/vec4 v0x563ed999d010_0;
    %parti/s 16, 8, 5;
    %concat/vec4; draw_concat_vec4
    %store/vec4 v0x563ed999d0f0_0, 0, 32;
    %jmp T_10.46;
T_10.45 ;
    %pushi/vec4 0, 0, 16;
    %load/vec4 v0x563ed999d010_0;
    %parti/s 16, 16, 6;
    %concat/vec4; draw_concat_vec4
    %store/vec4 v0x563ed999d0f0_0, 0, 32;
    %jmp T_10.46;
T_10.46 ;
    %pop/vec4 1;
T_10.41 ;
    %load/vec4 v0x563ed999cd60_0;
    %cmpi/e 6, 0, 3;
    %jmp/0xz  T_10.47, 4;
    %load/vec4 v0x563ed999d010_0;
    %store/vec4 v0x563ed999d0f0_0, 0, 32;
T_10.47 ;
T_10.17 ;
    %jmp T_10;
    .thread T_10, $push;
    .scope S_0x563ed999c4b0;
T_11 ;
    %wait E_0x563ed999c6b0;
    %load/vec4 v0x563ed999d520_0;
    %load/vec4 v0x563ed999d850_0;
    %or;
    %store/vec4 v0x563ed999d790_0, 0, 1;
    %load/vec4 v0x563ed999d850_0;
    %store/vec4 v0x563ed999db70_0, 0, 1;
    %jmp T_11;
    .thread T_11, $push;
    .scope S_0x563ed99a1ab0;
T_12 ;
    %vpi_call 22 16 "$readmemh", "instr.mem", v0x563ed99a1fb0 {0 0 0};
    %end;
    .thread T_12;
    .scope S_0x563ed99a1ab0;
T_13 ;
    %wait E_0x563ed999e0f0;
    %pushi/vec4 0, 0, 1;
    %assign/vec4 v0x563ed99a2190_0, 0;
    %load/vec4 v0x563ed99a20f0_0;
    %load/vec4 v0x563ed99a22f0_0;
    %and;
    %flag_set/vec4 8;
    %jmp/0xz  T_13.0, 8;
    %load/vec4 v0x563ed99a1f10_0;
    %parti/s 1, 0, 2;
    %flag_set/vec4 8;
    %jmp/0xz  T_13.2, 8;
    %load/vec4 v0x563ed99a2230_0;
    %parti/s 8, 0, 2;
    %load/vec4 v0x563ed99a1d50_0;
    %pad/u 10;
    %ix/vec4 3;
    %ix/load 4, 0, 0; Constant delay
    %assign/vec4/a/d v0x563ed99a1fb0, 0, 4;
T_13.2 ;
    %load/vec4 v0x563ed99a1f10_0;
    %parti/s 1, 1, 2;
    %flag_set/vec4 8;
    %jmp/0xz  T_13.4, 8;
    %load/vec4 v0x563ed99a2230_0;
    %parti/s 8, 8, 5;
    %load/vec4 v0x563ed99a1d50_0;
    %pad/u 10;
    %ix/vec4 3;
    %ix/load 4, 8, 0; part off
    %ix/load 5, 0, 0; Constant delay
    %assign/vec4/a/d v0x563ed99a1fb0, 4, 5;
T_13.4 ;
    %load/vec4 v0x563ed99a1f10_0;
    %parti/s 1, 2, 3;
    %flag_set/vec4 8;
    %jmp/0xz  T_13.6, 8;
    %load/vec4 v0x563ed99a2230_0;
    %parti/s 8, 16, 6;
    %load/vec4 v0x563ed99a1d50_0;
    %pad/u 10;
    %ix/vec4 3;
    %ix/load 4, 16, 0; part off
    %ix/load 5, 0, 0; Constant delay
    %assign/vec4/a/d v0x563ed99a1fb0, 4, 5;
T_13.6 ;
    %load/vec4 v0x563ed99a1f10_0;
    %parti/s 1, 3, 3;
    %flag_set/vec4 8;
    %jmp/0xz  T_13.8, 8;
    %load/vec4 v0x563ed99a2230_0;
    %parti/s 8, 24, 6;
    %load/vec4 v0x563ed99a1d50_0;
    %pad/u 10;
    %ix/vec4 3;
    %ix/load 4, 24, 0; part off
    %ix/load 5, 0, 0; Constant delay
    %assign/vec4/a/d v0x563ed99a1fb0, 4, 5;
T_13.8 ;
T_13.0 ;
    %load/vec4 v0x563ed99a20f0_0;
    %load/vec4 v0x563ed99a22f0_0;
    %pushi/vec4 0, 0, 1;
    %cmp/e;
    %flag_get/vec4 4;
    %and;
    %flag_set/vec4 8;
    %jmp/0xz  T_13.10, 8;
    %pushi/vec4 1, 0, 1;
    %assign/vec4 v0x563ed99a2190_0, 0;
    %load/vec4 v0x563ed99a1d50_0;
    %pad/u 10;
    %ix/vec4 4;
    %load/vec4a v0x563ed99a1fb0, 4;
    %assign/vec4 v0x563ed99a2050_0, 0;
T_13.10 ;
    %jmp T_13;
    .thread T_13;
    .scope S_0x563ed997f4c0;
T_14 ;
    %pushi/vec4 0, 0, 1;
    %store/vec4 v0x563ed99a3ea0_0, 0, 1;
    %pushi/vec4 1, 0, 1;
    %store/vec4 v0x563ed99a41d0_0, 0, 1;
    %delay 10000, 0;
    %pushi/vec4 0, 0, 1;
    %store/vec4 v0x563ed99a41d0_0, 0, 1;
    %pushi/vec4 0, 0, 1;
    %store/vec4 v0x563ed99a4070_0, 0, 1;
    %delay 10000, 0;
    %pushi/vec4 1, 0, 1;
    %store/vec4 v0x563ed99a41d0_0, 0, 1;
    %delay 100000, 0;
    %delay 60000, 0;
    %vpi_call 2 30 "$finish" {0 0 0};
    %end;
    .thread T_14;
    .scope S_0x563ed997f4c0;
T_15 ;
    %vpi_call 2 33 "$dumpfile", "coremain.vcd" {0 0 0};
    %vpi_call 2 34 "$dumpvars", 32'sb00000000000000000000000000000000, S_0x563ed997f4c0 {0 0 0};
    %end;
    .thread T_15;
    .scope S_0x563ed997f4c0;
T_16 ;
    %delay 5000, 0;
    %load/vec4 v0x563ed99a3ea0_0;
    %inv;
    %store/vec4 v0x563ed99a3ea0_0, 0, 1;
    %jmp T_16;
    .thread T_16;
# The file index is used to find the file name in the following table.
:file_names 23;
    "N/A";
    "<interactive>";
    "core_main_tb.v";
    "core_main.v";
    "./core.v";
    "./Decode_stage.v";
    "./branch.v";
    "./controlunit.v";
    "./control_decoder.v";
    "./dec_.v";
    "./immediategene.v";
    "./mux2_4.v";
    "./mux1_2.v";
    "./reg_file.v";
    "./Execute_stage.v";
    "./alu.v";
    "./Fetch_stage.v";
    "./pc_reg.v";
    "./Memory_stage.v";
    "./wrapper_mem.v";
    "./Writeback_stage.v";
    "./rd_address.v";
    "./combine_memory.v";
